62.375
65.425
94.25
57.6
73.7
74.875
99.525
94.775
90.575
60.825
64.25
72.925
65.1
62.625
105.475
104.15
111.9
112.7
99.375
72.05
113.15
104.15
79.325
109.025
110.5
109.35
111.15
85.75
94.95
107.8
102.425
85.55
106.725
106.525
75.475
89.375
81.6
83.675
88.45
81.35
83.65
76.575
85.975
78.55
92.125
104.975
67.825
94.05
96.575
107.3
76.95
85.675
119.925
44.425
82.025
125.575
42.475
105.2
101.475
92.15
183.925
93.8
95.025
98.975
110.075
173.475
132.775
115.675
103.025
104.875
50.925
121.025
84.775
82.4
73.225
91.5
108.525
91.05
82.875
95.825
94.1
80.275
113.225
129.4
102.675
123.075
97.425
80.575
89.125
78.025
0
0
94
135
