33.2142857143
51.2285714286
52.0285714286
56.9
82.0714285714
67.1857142857
88.7571428571
60.9
85.5142857143
92
83.8285714286
82.5142857143
55.7571428571
60.3428571429
59.3285714286
53.5
58.7571428571
58.9857142857
47.9428571429
178.0142857143
84.8857142857
85.0428571429
53.2142857143
69.4571428571
37.2
55.1571428571
61.7285714286
134.5571428571
142.4857142857
201.8285714286
53.5571428571
146.0571428571
52.7142857143
148.5571428571
69.0285714286
51.7857142857
49.2142857143
120.3857142857
57.0571428571
108.7142857143
28.8
34.4857142857
93.1571428571
106.9571428571
50.0571428571
55.4857142857
71.3428571429
101.7571428571
42.8428571429
83.9571428571
51.4285714286
54.1714285714
64.1857142857
58.0857142857
64.6
64.2428571429
58.4428571429
66.5428571429
65.5285714286
71.7428571429
47.6714285714
66.1285714286
67.6857142857
64.7
65
80.1571428571
67.0285714286
73.9571428571
70.4
89.2571428571
60.1714285714
62.9428571429
62.3714285714
75.6714285714
71.3285714286
70.2714285714
109.7428571429
58
64.1857142857
126.3571428571
107.0857142857
84.0142857143
60.7571428571
105.9714285714
88.5571428571
83.5285714286
48.5285714286
100.6571428571
79.8428571429
101.2
64.9714285714
62.9
68.6
145.2
79.1142857143
69.2
