130.125
106.775
136.275
82.2
99.75
108.325
104.975
99.425
96.525
98.825
117.7
110.5
141.35
77.525
101.05
108.325
109.425
135.875
102.35
94.525
93.775
105.85
148.125
105.275
117.525
120.925
112.775
102.95
76.525
83.325
89.3
99.825
161.55
98.175
89.05
109.725
100.175
170.275
123.25
96.75
106
88.075
137.45
93.55
101.2
98
128.325
118.325
115.2
120.05
123.625
104.2
91.025
84.35
92.1
105.625
127.6
88.7
87.7
108.25
96.85
120.05
106.25
101.6
70.55
82.3
60.825
61.175
100.375
108
63.45
108.425
101.825
132.4
65.675
92.825
100.625
105.35
121.475
70.375
120.95
87.5
95.175
94.1
119.25
127.45
89.775
144.05
80.275
167.8
169.1
138.975
79.2
160.8
80.475
158.4
