79
130.466666666667
110.733333333333
93.6666666666667
146.533333333333
90
128.333333333333
110.2
89.9333333333333
100
76.5333333333333
102.133333333333
102.733333333333
83.4666666666667
110.866666666667
105.666666666667
123.2
116.933333333333
93.2666666666667
138.6
124.733333333333
150.8
98.4
93.9333333333333
111.733333333333
120.866666666667
143.4
159.8
94.6666666666667
122.333333333333
90.3333333333333
152.733333333333
78.4
151.8
112.466666666667
116.266666666667
93.6
133
121.133333333333
91.2
68.8666666666667
119.6
116.8
92.7333333333333
77.0666666666667
123.733333333333
114.133333333333
101.2
94.6
112.866666666667
132.333333333333
118.4
124.333333333333
107.8
96
114.466666666667
92.9333333333333
122.2
102.8
146.266666666667
116.466666666667
108.333333333333
107.8
73.6
163.466666666667
122.2
99.5333333333333
122.066666666667
128.933333333333
109.2
132.666666666667
106.733333333333
135.266666666667
89.5333333333333
80.8666666666667
96.8
125.933333333333
157.133333333333
99.6666666666667
154.466666666667
116.733333333333
166.733333333333
118.8
99.5333333333333
145.6
70
84.9333333333333
112.733333333333
95.2
108.266666666667
96.2
127.733333333333
147.933333333333
159.866666666667
163.066666666667
83
