984B3AEF
20150112_131614 Admin           
                                                                                                                                
                                                                                                                                
              Freedom EVOware, Version 2, 6, 17, 0
D 13:16:14    Starting program "chao001" (lines 1 to 11)
F 13:16:14  0 > C5,RPZ5
              - C5,0,2100,2100,2100,2100,2100,2100,2100,2100
              > C5,PAZ2100,2100,2100,2100,2100,2100,2100,2100
F 13:16:15    - C5,0,

E 13:16:15  0 Line    1 : Sub-Routine

              Line  1/1 : Wash Tips
              wash (4ml + 2ml), grid 1 and grid 1
F 13:16:15  0 > C2,RPX0
              - C2,0,8500
              > C2,RPR0
              - C2,0,900
              > C5,SSM1
              - C5,0,
              > C5,RPX0
              - C5,0,3382
              > C5,SHZ2100,2100,2100,2100,2100,2100,2100,2100
              - C5,0,
              > C5,SSM1
              - C5,0,
              > C5,RPX0
              - C5,0,3382
              > C5,RPY0
              - C5,0,1667,90
              > C5,SSM1
              - C5,0,
              > C5,SHZ2100,2100,2100,2100,2100,2100,2100,2100
              - C5,0,
              > C5,PAA45,1031,90,1201,1203,1201,1204,,,,
F 13:16:16    - C5,0,
              > C5,SSM0
              - C5,0,
              > C6,RPX0
              - C6,0,45
              > C6,RPY0
              - C6,0,1031,90
              > C6,RPX0
              - C6,0,45
              > C6,RPY0
              - C6,0,1031,90
              > C5,PVL0,0,0,0,,,,
              - C5,0,
              > C5,SEP5400,5400,5400,5400,,,,
              - C5,0,
              > C5,SPP2700,2700,2700,2700,,,,
              - C5,0,
              > C5,PPA0,0,0,0,,,,
F 13:16:17    - C5,0,
              > C5,PVL1,1,1,1,,,,
              - C5,0,
              > C5,SEP5400,5400,5400,5400,,,,
              - C5,0,
              > C5,SPP2700,2700,2700,2700,,,,
              - C5,0,
              > C5,PPR3000,3000,3000,3000,,,,
F 13:16:18    - C5,0,
              > C5,PVL0,0,0,0,,,,
F 13:16:19    - C5,0,
              > C5,PPA0,0,0,0,,,,
F 13:16:20    - C5,0,
              > C5,PVL1,1,1,1,,,,
              - C5,0,
              > C5,SEP5400,5400,5400,5400,,,,
              - C5,0,
              > C5,SPP2700,2700,2700,2700,,,,
              - C5,0,
              > C5,PPR3000,3000,3000,3000,,,,
F 13:16:22    - C5,0,
              > C5,PVL0,0,0,0,,,,
              - C5,0,
              > C5,PPA0,0,0,0,,,,
F 13:16:23    - C5,0,
              > C5,PVL1,1,1,1,,,,
F 13:16:24    - C5,0,
              > C5,SEP5400,5400,5400,5400,,,,
              - C5,0,
              > C5,SPP2700,2700,2700,2700,,,,
              - C5,0,
              > C5,PPR3000,3000,3000,3000,,,,
F 13:16:25    - C5,0,
              > C5,PVL0,0,0,0,,,,
              - C5,0,
              > C5,PPA0,0,0,0,,,,
F 13:16:27    - C5,0,
              > C5,PVL1,1,1,1,,,,
              - C5,0,
              > C5,SEP5400,5400,5400,5400,,,,
              - C5,0,
              > C5,SPP2700,2700,2700,2700,,,,
              - C5,0,
              > C5,PPR3000,3000,3000,3000,,,,
F 13:16:28    - C5,0,
              > C5,PVL0,0,0,0,,,,
F 13:16:29    - C5,0,
              > C5,PPA0,0,0,0,,,,
F 13:16:30    - C5,0,
              > C5,RPX0
              - C5,0,45
              > C5,SHZ2100,2100,2100,2100,2100,2100,2100,2100
              - C5,0,
              > C5,RPX0
              - C5,0,45
              > C6,RPZ0
              - C6,0,1201,1203,1201,1204,2100,2100,2100,2100
              > C5,SHZ2100,2100,2100,2100,2100,2100,2100,2100
              - C5,0,
              > C5,RPX0
              - C5,0,45
              > C5,RPY0
              - C5,0,1031,90
              > C5,SSM1
              - C5,0,
              > C5,PAA49,166,90,1141,1143,1141,1144,,,,
F 13:16:32    - C5,0,
              > C5,SSM0
              - C5,0,
              > C6,RPX0
              - C6,0,49
              > C6,RPY0
              - C6,0,166,90
              > C5,PVL1,1,1,1,,,,
              - C5,0,
              > C5,SEP5400,5400,5400,5400,,,,
              - C5,0,
              > C5,SPP2700,2700,2700,2700,,,,
              - C5,0,
              > C5,PPR3000,3000,3000,3000,,,,
F 13:16:33    - C5,0,
              > C5,PVL0,0,0,0,,,,
F 13:16:34    - C5,0,
              > C5,PPA0,0,0,0,,,,
F 13:16:35    - C5,0,
              > C5,PVL1,1,1,1,,,,
              - C5,0,
              > C5,SEP5400,5400,5400,5400,,,,
              - C5,0,
              > C5,SPP2700,2700,2700,2700,,,,
              - C5,0,
              > C5,PPR3000,3000,3000,3000,,,,
F 13:16:37    - C5,0,
              > C5,PVL0,0,0,0,,,,
              - C5,0,
              > C5,PPA0,0,0,0,,,,
F 13:16:38    - C5,0,
              > C5,MAZ1521,1523,1521,1524,,,,,300
F 13:16:40    - C5,0,

E 13:16:40  0 Aspirate Airgap
F 13:16:40  0 > C5,SEP420,420,420,420,,,,
              - C5,0,
              > C5,PPR30,30,30,30,,,,
              - C5,0,


E 13:16:40  0 Line    2 : Aspirate
              tip 1 : aspirate 20.80µl  1, 3 Trough 100ml [8,3]
                               20.00µl "Roboliq_Water_Air_1000" Standard <15.01 - 500.01µl> Single 
              tip 2 : aspirate 20.80µl  1, 4 Trough 100ml [8,3]
                               20.00µl "Roboliq_Water_Air_1000" Standard <15.01 - 500.01µl> Single 
              tip 3 : aspirate 20.80µl  1, 5 Trough 100ml [8,3]
                               20.00µl "Roboliq_Water_Air_1000" Standard <15.01 - 500.01µl> Single 
              tip 4 : aspirate 20.80µl  1, 6 Trough 100ml [8,3]
                               20.00µl "Roboliq_Water_Air_1000" Standard <15.01 - 500.01µl> Single 
F 13:16:40  0 > C6,RPZ0
              - C6,0,1521,1523,1521,1524,2100,2100,2100,2100
              > C6,RPX0
              - C6,0,49
              > C6,RPX0
              - C6,0,49
              > C5,SHZ2097,2099,2097,2100,2100,2100,2100,2100
              - C5,0,
              > C5,RPX0
              - C5,0,49
              > C5,RPY0
              - C5,0,166,90
              > C2,RPX0
              - C2,0,8500
              > C2,RPR0
              - C2,0,900
              > C5,SSM1
              - C5,0,
              > C5,PAA1998,2212,90,1633,1635,1633,1636,2100,2100,2100,2100
F 13:16:42    - C5,0,
              > C5,SSM0
              - C5,0,
              > C6,RPX0
              - C6,0,1997
              > C6,RPY0
              - C6,0,2212,90

E 13:16:42  0 Aspirate Airgap
F 13:16:42  0 > C5,PVL0,0,0,0,,,,
              - C5,0,
              > C5,SEP420,420,420,420,,,,
              - C5,0,
              > C5,PPR30,30,30,30,,,,
              - C5,0,

              > C5,SDM7,1
              - C5,0,
              > C5,SSL600,600,600,600,,,,
              - C5,0,
              > C5,SDL40,40,40,40,,,,
              - C5,0,
              > C5,STL1401,1403,1401,1404,,,,
              - C5,0,
              > C5,SML536,538,536,539,2100,2100,2100,2100
              - C5,0,
              > C5,SBL20,20,20,20,,,,
              - C5,0,

E 13:16:42  0 Perform liquid level detection
F 13:16:42  0 > C5,RPZ12
              - C5,0,2097,2099,2097,2100,2100,2100,2100,2100
              > C5,SHZ1633,1635,1633,1636,976,981,977,979
              - C5,0,
              > C5,MDT15,,,,1,1,1,1,0,0,0,0
F 13:16:46    - C5,0,
              > C5,SHZ2097,2099,2097,2100,2100,2100,2100,2100
              - C5,0,

              > C5,RPZ0
              - C5,0,1169,1172,1172,1172,2100,2100,2100,2100
              > C5,SSZ5,5,5,5,,,,
              - C5,0,
              > C6,RPZ0
              - C6,0,1169,1172,1172,1172,2100,2100,2100,2100
              > C5,SEP900,900,900,900,,,,
              - C5,0,
              > C5,STZ-1,-1,-1,-1,,,,
              - C5,0,
              > C5,MTR62,62,62,62,,,,
F 13:16:47    - C5,0,

              > C5,RPZ0
              - C5,0,1168,1171,1171,1171,2100,2100,2100,2100
              > C5,SSZ200,200,200,200,,,,
              - C5,0,
              > C5,MAZ1239,1242,1242,1242,,,,
              - C5,0,

E 13:16:47  0 Aspirate Airgap
F 13:16:47  0 > C5,PVL0,0,0,0,,,,
              - C5,0,
              > C5,SEP420,420,420,420,,,,
              - C5,0,
              > C5,PPR30,30,30,30,,,,
F 13:16:48    - C5,0,


E 13:16:48  0 detected_volume_1 = 80449

              detected_volume_2 = 80572

              detected_volume_3 = 80819

              detected_volume_4 = 80449

              detected_volume_5 = -1

              detected_volume_6 = -1

              detected_volume_7 = -1

              detected_volume_8 = -1

              Line    3 : Dispense
              tip 1 : dispense 30.80µl  2, 1 D-BSSE 384 Well Plate Transp [10,4]
                               20.00µl "Roboliq_Water_Air_1000" Standard <15.01 - 500.01µl> Single 
              tip 2 : dispense 30.80µl  2, 2 D-BSSE 384 Well Plate Transp [10,4]
                               20.00µl "Roboliq_Water_Air_1000" Standard <15.01 - 500.01µl> Single 
              tip 3 : dispense 30.80µl  2, 3 D-BSSE 384 Well Plate Transp [10,4]
                               20.00µl "Roboliq_Water_Air_1000" Standard <15.01 - 500.01µl> Single 
              tip 4 : dispense 30.80µl  2, 4 D-BSSE 384 Well Plate Transp [10,4]
                               20.00µl "Roboliq_Water_Air_1000" Standard <15.01 - 500.01µl> Single 
F 13:16:48  0 > C6,RPZ0
              - C6,0,1239,1242,1242,1242,2100,2100,2100,2100
              > C6,RPX0
              - C6,0,1998
              > C6,RPX0
              - C6,0,1998
              > C5,SHZ2097,2099,2097,2100,2100,2100,2100,2100
              - C5,0,
              > C5,RPX0
              - C5,0,1998
              > C5,RPY0
              - C5,0,2212,90
              > C2,RPX0
              - C2,0,8500
              > C2,RPR0
              - C2,0,900
              > C5,SSM1
              - C5,0,
              > C5,PAA2397,2018,90,1430,2099,2097,2100,2100,2100,2100,2100
F 13:16:49    - C5,0,
              > C5,SSM0
              - C5,0,
              > C6,RPX0
              - C6,0,2397
              > C6,RPY0
              - C6,0,2018,90
              > C5,RPP0
              - C5,0,152,152,152,152,600,600,600,600
              > C5,RPZ0
              - C5,0,1430,2099,2097,2100,2100,2100,2100,2100
              > C5,SEP1200,,,,,,,
              - C5,0,
              > C5,SPP900,,,,,,,
              - C5,0,
              > C5,STZ0,,,,,,,
              - C5,0,
              > C5,MTR-92,,,,,,,
F 13:16:50    - C5,0,
              > C5,RPZ0
              - C5,0,1430,2099,2097,2100,2100,2100,2100,2100
              > C6,RPZ0
              - C6,0,1430,2099,2097,2100,2100,2100,2100,2100
              > C6,RPX0
              - C6,0,2397
              > C6,RPX0
              - C6,0,2397
              > C6,RPY0
              - C6,0,2018,90
              > C5,SHZ2097,2099,2097,2100,2100,2100,2100,2100
              - C5,0,
              > C5,RPX0
              - C5,0,2397
              > C5,RPY0
              - C5,0,2018,90
              > C5,SSM1
              - C5,0,
              > C5,PAA2397,1973,90,2097,1432,2097,2100,2100,2100,2100,2100
F 13:16:51    - C5,0,
              > C5,SSM0
              - C5,0,
              > C6,RPX0
              - C6,0,2397
              > C6,RPY0
              - C6,0,1973,90
              > C5,RPP0
              - C5,0,60,152,152,152,600,600,600,600
              > C5,RPZ0
              - C5,0,2097,1432,2097,2100,2100,2100,2100,2100
              > C5,SEP,1200,,,,,,
              - C5,0,
              > C5,SPP,900,,,,,,
              - C5,0,
              > C5,STZ,0,,,,,,
              - C5,0,
              > C5,MTR,-92,,,,,,
              - C5,0,
              > C5,RPZ0
              - C5,0,2097,1432,2097,2100,2100,2100,2100,2100
              > C6,RPZ0
              - C6,0,2097,1432,2097,2100,2100,2100,2100,2100
              > C6,RPX0
              - C6,0,2397
              > C6,RPX0
              - C6,0,2397
              > C6,RPY0
              - C6,0,1973,90
              > C5,SHZ2097,1450,2097,2100,2100,2100,2100,2100
              - C5,0,
              > C5,RPX0
              - C5,0,2397
              > C5,RPY0
              - C5,0,1973,90
              > C5,SSM1
              - C5,0,
              > C5,PAA2397,1928,90,2097,1450,1430,2100,2100,2100,2100,2100
F 13:16:52    - C5,0,
              > C5,SSM0
              - C5,0,
              > C6,RPX0
              - C6,0,2397
              > C6,RPY0
              - C6,0,1928,90
              > C5,RPP0
              - C5,0,60,60,152,152,600,600,600,600
              > C5,RPZ0
              - C5,0,2097,1450,1430,2100,2100,2100,2100,2100
              > C5,SEP,,1200,,,,,
              - C5,0,
              > C5,SPP,,900,,,,,
              - C5,0,
              > C5,STZ,,0,,,,,
              - C5,0,
              > C5,MTR,,-92,,,,,
F 13:16:53    - C5,0,
              > C5,RPZ0
              - C5,0,2097,1450,1430,2100,2100,2100,2100,2100
              > C6,RPZ0
              - C6,0,2097,1450,1430,2100,2100,2100,2100,2100
              > C6,RPX0
              - C6,0,2397
              > C6,RPX0
              - C6,0,2397
              > C6,RPY0
              - C6,0,1928,90
              > C5,SHZ2097,2099,1448,2100,2100,2100,2100,2100
              - C5,0,
              > C5,RPX0
              - C5,0,2397
              > C5,RPY0
              - C5,0,1928,90
              > C5,SSM1
              - C5,0,
              > C5,PAA2397,1883,90,2097,2100,1448,1433,2100,2100,2100,2100
F 13:16:54    - C5,0,
              > C5,SSM0
              - C5,0,
              > C6,RPX0
              - C6,0,2397
              > C6,RPY0
              - C6,0,1883,90
              > C5,RPP0
              - C5,0,60,60,60,152,600,600,600,600
              > C5,RPZ0
              - C5,0,2097,2100,1448,1433,2100,2100,2100,2100
              > C5,SEP,,,1200,,,,
              - C5,0,
              > C5,SPP,,,900,,,,
              - C5,0,
              > C5,STZ,,,0,,,,
              - C5,0,
              > C5,MTR,,,-92,,,,
              - C5,0,
              > C5,RPZ0
              - C5,0,2097,2100,1448,1433,2100,2100,2100,2100

E 13:16:54  0 detected_volume_1 = -1

              detected_volume_2 = -1

              detected_volume_3 = -1

              detected_volume_4 = -1

              detected_volume_5 = -1

              detected_volume_6 = -1

              detected_volume_7 = -1

              detected_volume_8 = -1

              Line    4 : Aspirate
              tip 1 : aspirate 20.80µl  1, 3 Trough 100ml [8,3]
                               20.00µl "Roboliq_Water_Wet_1000" Standard <15.01 - 500.01µl> Single 
              tip 2 : aspirate 20.80µl  1, 4 Trough 100ml [8,3]
                               20.00µl "Roboliq_Water_Wet_1000" Standard <15.01 - 500.01µl> Single 
              tip 3 : aspirate 20.80µl  1, 5 Trough 100ml [8,3]
                               20.00µl "Roboliq_Water_Wet_1000" Standard <15.01 - 500.01µl> Single 
              tip 4 : aspirate 20.80µl  1, 6 Trough 100ml [8,3]
                               20.00µl "Roboliq_Water_Wet_1000" Standard <15.01 - 500.01µl> Single 
F 13:16:54  0 > C6,RPZ0
              - C6,0,2097,2100,1448,1433,2100,2100,2100,2100
              > C6,RPX0
              - C6,0,2397
              > C6,RPX0
              - C6,0,2397
              > C5,SHZ2097,2100,2097,2100,2100,2100,2100,2100
              - C5,0,
              > C5,RPX0
F 13:16:55    - C5,0,2397
              > C5,RPY0
              - C5,0,1883,90
              > C2,RPX0
              - C2,0,8500
              > C2,RPR0
              - C2,0,900
              > C5,SSM1
              - C5,0,
              > C5,PAA1998,2212,90,1401,1403,1401,1404,2100,2100,2100,2100
F 13:16:56    - C5,0,
              > C5,SSM0
              - C5,0,
              > C6,RPX0
              - C6,0,1998
              > C6,RPY0
              - C6,0,2212,90
              > C5,SDM7,1
              - C5,0,
              > C5,SSL600,600,600,600,,,,
              - C5,0,
              > C5,SDL40,40,40,40,,,,
              - C5,0,
              > C5,STL1401,1403,1401,1404,,,,
              - C5,0,
              > C5,SML536,538,536,539,2100,2100,2100,2100
              - C5,0,
              > C5,SBL20,20,20,20,,,,
              - C5,0,

E 13:16:56  0 Perform liquid level detection
F 13:16:56  0 > C5,RPZ12
              - C5,0,2097,2100,2097,2100,2100,2100,2100,2100
              > C5,SHZ1633,1635,1633,1636,976,981,977,979
              - C5,0,
              > C5,MDT15,,,,1,1,1,1,0,0,0,0
F 13:17:00    - C5,0,
              > C5,SHZ2097,2100,2097,2100,2100,2100,2100,2100
              - C5,0,

              > C5,RPZ0
              - C5,0,1168,1172,1172,1173,2100,2100,2100,2100
              > C5,SSZ5,5,5,5,,,,
              - C5,0,
              > C6,RPZ0
              - C6,0,1168,1172,1172,1173,2100,2100,2100,2100
              > C5,SEP900,900,900,900,,,,
              - C5,0,
              > C5,STZ-1,-1,-1,-1,,,,
              - C5,0,
              > C5,MTR62,62,62,62,,,,
              - C5,0,

              > C5,RPZ0
              - C5,0,1167,1171,1172,1172,2100,2100,2100,2100
              > C5,SSZ200,200,200,200,,,,
              - C5,0,
              > C5,MAZ1238,1242,1242,1243,,,,
F 13:17:01    - C5,0,

E 13:17:01  0 Aspirate Airgap
F 13:17:01  0 > C5,PVL0,0,0,0,,,,
              - C5,0,
              > C5,SEP420,420,420,420,,,,
              - C5,0,
              > C5,PPR30,30,30,30,,,,
              - C5,0,


E 13:17:01  0 detected_volume_1 = 80326

              detected_volume_2 = 80572

              detected_volume_3 = 80819

              detected_volume_4 = 80572

              detected_volume_5 = -1

              detected_volume_6 = -1

              detected_volume_7 = -1

              detected_volume_8 = -1

              Line    5 : Dispense
              tip 1 : dispense 30.80µl  2, 1 D-BSSE 384 Well Plate Transp [10,4]
                               20.00µl "Roboliq_Water_Wet_1000" Standard <15.01 - 500.01µl> Single 
              tip 2 : dispense 30.80µl  2, 2 D-BSSE 384 Well Plate Transp [10,4]
                               20.00µl "Roboliq_Water_Wet_1000" Standard <15.01 - 500.01µl> Single 
              tip 3 : dispense 30.80µl  2, 3 D-BSSE 384 Well Plate Transp [10,4]
                               20.00µl "Roboliq_Water_Wet_1000" Standard <15.01 - 500.01µl> Single 
              tip 4 : dispense 30.80µl  2, 4 D-BSSE 384 Well Plate Transp [10,4]
                               20.00µl "Roboliq_Water_Wet_1000" Standard <15.01 - 500.01µl> Single 
F 13:17:01  0 > C6,RPZ0
              - C6,0,1238,1242,1242,1243,2100,2100,2100,2100
              > C6,RPX0
              - C6,0,1998
              > C6,RPX0
              - C6,0,1998
              > C5,SHZ2097,2099,2097,2100,2100,2100,2100,2100
              - C5,0,
              > C5,RPX0
              - C5,0,1998
              > C5,RPY0
              - C5,0,2212,90
              > C2,RPX0
              - C2,0,8500
              > C2,RPR0
              - C2,0,900
              > C5,SSM1
              - C5,0,
              > C5,PAA2397,2018,90,1448,2100,2097,2100,2100,2100,2100,2100
F 13:17:03    - C5,0,
              > C5,SSM0
              - C5,0,
              > C6,RPX0
              - C6,0,2397
              > C6,RPY0
              - C6,0,2018,90
              > C5,RPP0
              - C5,0,152,152,152,152,600,600,600,600
              > C5,SDM7,1
              - C5,0,
              > C5,SSL600,,,,,,,
              - C5,0,
              > C5,SDL40,,,,,,,
              - C5,0,
              > C5,STL1448,,,,,,,
              - C5,0,
              > C5,SML1319,2100,2100,2100,2100,2100,2100,2100
              - C5,0,
              > C5,SBL0,,,,,,,
              - C5,0,
              > C5,MET1,,,,0,0,0,0,0,0,0,0
              * C5,9,
              > C5,REE
F 13:17:04    - C5,0,@@@I@@@@@@@
              > C5,RPZ0
              - C5,0,1319,2100,2097,2100,2100,2100,2100,2100
              > C5,SEP1200,,,,,,,
              - C5,0,
              > C5,SPP900,,,,,,,
              - C5,0,
              > C5,STZ0,,,,,,,
              - C5,0,
              > C5,MTR-92,,,,,,,
              - C5,0,
              > C5,RPZ0
              - C5,0,1319,2100,2097,2100,2100,2100,2100,2100
              > C5,SSZ500,,,,,,,
              - C5,0,
              > C5,MAZ1430,,,,,,,
              - C5,0,
              > C6,RPZ0
              - C6,0,1430,2100,2097,2100,2100,2100,2100,2100
              > C6,RPX0
              - C6,0,2397
              > C6,RPX0
              - C6,0,2397
              > C6,RPY0
              - C6,0,2018,90
              > C5,SHZ2097,2100,2097,2100,2100,2100,2100,2100
              - C5,0,
              > C5,RPX0
              - C5,0,2397
              > C5,RPY0
              - C5,0,2018,90
              > C5,SSM1
              - C5,0,
              > C5,PAA2397,1973,90,2097,1450,2097,2100,2100,2100,2100,2100
F 13:17:06    - C5,0,
              > C5,SSM0
              - C5,0,
              > C6,RPX0
              - C6,0,2397
              > C6,RPY0
              - C6,0,1973,90
              > C5,RPP0
              - C5,0,60,152,152,152,600,600,600,600
              > C5,SDM7,1
              - C5,0,
              > C5,SSL,600,,,,,,
              - C5,0,
              > C5,SDL,40,,,,,,
              - C5,0,
              > C5,STL,1450,,,,,,
              - C5,0,
              > C5,SML2100,1321,2100,2100,2100,2100,2100,2100
              - C5,0,
              > C5,SBL,0,,,,,,
              - C5,0,
              > C5,MET2,,,,0,0,0,0,0,0,0,0
F 13:17:07    * C5,12,
              > C5,REE
              - C5,0,@@@@L@@@@@@
              > C5,RPZ0
              - C5,0,2097,1321,2097,2100,2100,2100,2100,2100
              > C5,SEP,1200,,,,,,
              - C5,0,
              > C5,SPP,900,,,,,,
              - C5,0,
              > C5,STZ,0,,,,,,
              - C5,0,
              > C5,MTR,-92,,,,,,
              - C5,0,
              > C5,RPZ0
              - C5,0,2097,1321,2097,2100,2100,2100,2100,2100
              > C5,SSZ,500,,,,,,
              - C5,0,
              > C5,MAZ,1432,,,,,,
              - C5,0,
              > C6,RPZ0
              - C6,0,2097,1432,2097,2100,2100,2100,2100,2100
              > C6,RPX0
              - C6,0,2397
              > C6,RPX0
              - C6,0,2397
              > C6,RPY0
              - C6,0,1973,90
              > C5,SHZ2097,1450,2097,2100,2100,2100,2100,2100
              - C5,0,
              > C5,RPX0
              - C5,0,2397
              > C5,RPY0
              - C5,0,1973,90
              > C5,SSM1
              - C5,0,
              > C5,PAA2397,1928,90,2097,1450,1448,2100,2100,2100,2100,2100
F 13:17:08    - C5,0,
              > C5,SSM0
              - C5,0,
              > C6,RPX0
              - C6,0,2397
              > C6,RPY0
              - C6,0,1928,90
              > C5,RPP0
              - C5,0,60,60,152,152,600,600,600,600
              > C5,SDM7,1
              - C5,0,
              > C5,SSL,,600,,,,,
              - C5,0,
              > C5,SDL,,40,,,,,
              - C5,0,
              > C5,STL,,1448,,,,,
              - C5,0,
              > C5,SML2100,2100,1319,2100,2100,2100,2100,2100
              - C5,0,
              > C5,SBL,,0,,,,,
              - C5,0,
              > C5,MET4,,,,0,0,0,0,0,0,0,0
F 13:17:09    * C5,12,
              > C5,REE
              - C5,0,@@@@@L@@@@@
              > C5,RPZ0
              - C5,0,2097,1450,1319,2100,2100,2100,2100,2100
              > C5,SEP,,1200,,,,,
              - C5,0,
              > C5,SPP,,900,,,,,
              - C5,0,
              > C5,STZ,,0,,,,,
              - C5,0,
              > C5,MTR,,-92,,,,,
F 13:17:10    - C5,0,
              > C5,RPZ0
              - C5,0,2097,1450,1319,2100,2100,2100,2100,2100
              > C5,SSZ,,500,,,,,
              - C5,0,
              > C5,MAZ,,1430,,,,,
              - C5,0,
              > C6,RPZ0
              - C6,0,2097,1450,1430,2100,2100,2100,2100,2100
              > C6,RPX0
              - C6,0,2397
              > C6,RPX0
              - C6,0,2397
              > C6,RPY0
              - C6,0,1928,90
              > C5,SHZ2097,2099,1448,2100,2100,2100,2100,2100
              - C5,0,
              > C5,RPX0
              - C5,0,2397
              > C5,RPY0
              - C5,0,1928,90
              > C5,SSM1
              - C5,0,
              > C5,PAA2397,1883,90,2097,2100,1448,1451,2100,2100,2100,2100
F 13:17:11    - C5,0,
              > C5,SSM0
              - C5,0,
              > C6,RPX0
              - C6,0,2397
              > C6,RPY0
              - C6,0,1883,90
              > C5,RPP0
              - C5,0,60,60,60,152,600,600,600,600
              > C5,SDM7,1
              - C5,0,
              > C5,SSL,,,600,,,,
              - C5,0,
              > C5,SDL,,,40,,,,
              - C5,0,
              > C5,STL,,,1451,,,,
              - C5,0,
              > C5,SML2100,2100,2100,1322,2100,2100,2100,2100
              - C5,0,
              > C5,SBL,,,0,,,,
              - C5,0,
              > C5,MET8,,,,0,0,0,0,0,0,0,0
F 13:17:12    * C5,9,
              > C5,REE
              - C5,0,@@@@@@I@@@@
              > C5,RPZ0
              - C5,0,2097,2100,1448,1322,2100,2100,2100,2100
              > C5,SEP,,,1200,,,,
              - C5,0,
              > C5,SPP,,,900,,,,
              - C5,0,
              > C5,STZ,,,0,,,,
              - C5,0,
              > C5,MTR,,,-92,,,,
F 13:17:13    - C5,0,
              > C5,RPZ0
              - C5,0,2097,2100,1448,1322,2100,2100,2100,2100
              > C5,SSZ,,,500,,,,
              - C5,0,
              > C5,MAZ,,,1433,,,,
              - C5,0,

E 13:17:13  0 detected_volume_1 = -1

              detected_volume_2 = -1

              detected_volume_3 = -1

              detected_volume_4 = -1

              detected_volume_5 = -1

              detected_volume_6 = -1

              detected_volume_7 = -1

              detected_volume_8 = -1

              Line    6 : Aspirate
              tip 1 : aspirate 20.80µl  1, 3 Trough 100ml [8,3]
                               20.00µl "Roboliq_Water_Wet_1000" Standard <15.01 - 500.01µl> Single 
              tip 2 : aspirate 20.80µl  1, 4 Trough 100ml [8,3]
                               20.00µl "Roboliq_Water_Wet_1000" Standard <15.01 - 500.01µl> Single 
              tip 3 : aspirate 20.80µl  1, 5 Trough 100ml [8,3]
                               20.00µl "Roboliq_Water_Wet_1000" Standard <15.01 - 500.01µl> Single 
              tip 4 : aspirate 20.80µl  1, 6 Trough 100ml [8,3]
                               20.00µl "Roboliq_Water_Wet_1000" Standard <15.01 - 500.01µl> Single 
F 13:17:13  0 > C6,RPZ0
              - C6,0,2097,2100,1448,1433,2100,2100,2100,2100
              > C6,RPX0
              - C6,0,2397
              > C6,RPX0
              - C6,0,2397
              > C5,SHZ2097,2100,2097,2100,2100,2100,2100,2100
              - C5,0,
              > C5,RPX0
              - C5,0,2397
              > C5,RPY0
              - C5,0,1883,90
              > C2,RPX0
              - C2,0,8500
              > C2,RPR0
              - C2,0,900
              > C5,SSM1
              - C5,0,
              > C5,PAA1998,2212,90,1401,1403,1401,1404,2100,2100,2100,2100
F 13:17:15    - C5,0,
              > C5,SSM0
              - C5,0,
              > C6,RPX0
              - C6,0,1998
              > C6,RPY0
              - C6,0,2212,90
              > C5,SDM7,1
              - C5,0,
              > C5,SSL600,600,600,600,,,,
              - C5,0,
              > C5,SDL40,40,40,40,,,,
              - C5,0,
              > C5,STL1401,1403,1401,1404,,,,
              - C5,0,
              > C5,SML536,538,536,539,2100,2100,2100,2100
              - C5,0,
              > C5,SBL20,20,20,20,,,,
              - C5,0,

E 13:17:15  0 Perform liquid level detection
F 13:17:15  0 > C5,RPZ12
              - C5,0,2097,2100,2097,2100,2100,2100,2100,2100
              > C5,SHZ1633,1635,1633,1636,976,981,977,979
              - C5,0,
              > C5,MDT15,,,,1,1,1,1,0,0,0,0
F 13:17:18    - C5,0,
              > C5,SHZ2097,2100,2097,2100,2100,2100,2100,2100
              - C5,0,

              > C5,RPZ0
              - C5,0,1168,1172,1171,1172,2100,2100,2100,2100
              > C5,SSZ5,5,5,5,,,,
              - C5,0,
              > C6,RPZ0
              - C6,0,1168,1172,1171,1172,2100,2100,2100,2100
              > C5,SEP900,900,900,900,,,,
              - C5,0,
              > C5,STZ-1,-1,-1,-1,,,,
              - C5,0,
              > C5,MTR62,62,62,62,,,,
F 13:17:19    - C5,0,

              > C5,RPZ0
              - C5,0,1167,1171,1170,1171,2100,2100,2100,2100
              > C5,SSZ200,200,200,200,,,,
              - C5,0,
              > C5,MAZ1238,1242,1241,1242,,,,
F 13:17:20    - C5,0,

E 13:17:20  0 Aspirate Airgap
F 13:17:20  0 > C5,PVL0,0,0,0,,,,
              - C5,0,
              > C5,SEP420,420,420,420,,,,
              - C5,0,
              > C5,PPR30,30,30,30,,,,
              - C5,0,


E 13:17:20  0 detected_volume_1 = 80326

              detected_volume_2 = 80572

              detected_volume_3 = 80696

              detected_volume_4 = 80449

              detected_volume_5 = -1

              detected_volume_6 = -1

              detected_volume_7 = -1

              detected_volume_8 = -1

              Line    7 : Dispense
              tip 1 : dispense 30.80µl  2, 1 D-BSSE 384 Well Plate Transp [10,4]
                               20.00µl "Roboliq_Water_Wet_1000" Standard <15.01 - 500.01µl> Single 
              tip 2 : dispense 30.80µl  2, 2 D-BSSE 384 Well Plate Transp [10,4]
                               20.00µl "Roboliq_Water_Wet_1000" Standard <15.01 - 500.01µl> Single 
              tip 3 : dispense 30.80µl  2, 3 D-BSSE 384 Well Plate Transp [10,4]
                               20.00µl "Roboliq_Water_Wet_1000" Standard <15.01 - 500.01µl> Single 
              tip 4 : dispense 30.80µl  2, 4 D-BSSE 384 Well Plate Transp [10,4]
                               20.00µl "Roboliq_Water_Wet_1000" Standard <15.01 - 500.01µl> Single 
F 13:17:20  0 > C6,RPZ0
              - C6,0,1238,1242,1241,1242,2100,2100,2100,2100
              > C6,RPX0
              - C6,0,1998
              > C6,RPX0
              - C6,0,1998
              > C5,SHZ2097,2099,2097,2100,2100,2100,2100,2100
              - C5,0,
              > C5,RPX0
              - C5,0,1998
              > C5,RPY0
              - C5,0,2212,90
              > C2,RPX0
              - C2,0,8500
              > C2,RPR0
              - C2,0,900
              > C5,SSM1
              - C5,0,
              > C5,PAA2397,2018,90,1448,2100,2097,2100,2100,2100,2100,2100
F 13:17:21    - C5,0,
              > C5,SSM0
              - C5,0,
              > C6,RPX0
              - C6,0,2397
              > C6,RPY0
              - C6,0,2018,90
              > C5,RPP0
              - C5,0,152,152,152,152,600,600,600,600
              > C5,SDM7,1
              - C5,0,
              > C5,SSL600,,,,,,,
              - C5,0,
              > C5,SDL40,,,,,,,
              - C5,0,
              > C5,STL1448,,,,,,,
              - C5,0,
              > C5,SML1319,2100,2100,2100,2100,2100,2100,2100
              - C5,0,
              > C5,SBL0,,,,,,,
              - C5,0,
              > C5,MET1,,,,0,0,0,0,0,0,0,0
F 13:17:22    - C5,0,
              > C5,RPZ0
              - C5,0,1326,2100,2097,2100,2100,2100,2100,2100
              > C5,SEP1200,,,,,,,
              - C5,0,
              > C5,SPP900,,,,,,,
              - C5,0,
              > C5,STZ0,,,,,,,
              - C5,0,
              > C5,MTR-92,,,,,,,
F 13:17:23    - C5,0,
              > C5,RPZ0
              - C5,0,1325,2100,2097,2100,2100,2100,2100,2100
              > C5,SSZ500,,,,,,,
              - C5,0,
              > C5,MAZ1430,,,,,,,
              - C5,0,
              > C6,RPZ0
              - C6,0,1430,2100,2097,2100,2100,2100,2100,2100
              > C6,RPX0
              - C6,0,2397
              > C6,RPX0
              - C6,0,2397
              > C6,RPY0
              - C6,0,2018,90
              > C5,SHZ2097,2100,2097,2100,2100,2100,2100,2100
              - C5,0,
              > C5,RPX0
              - C5,0,2397
              > C5,RPY0
              - C5,0,2018,90
              > C5,SSM1
              - C5,0,
              > C5,PAA2397,1973,90,2097,1450,2097,2100,2100,2100,2100,2100
F 13:17:24    - C5,0,
              > C5,SSM0
              - C5,0,
              > C6,RPX0
              - C6,0,2397
              > C6,RPY0
              - C6,0,1973,90
              > C5,RPP0
              - C5,0,60,152,152,152,600,600,600,600
              > C5,SDM7,1
              - C5,0,
              > C5,SSL,600,,,,,,
              - C5,0,
              > C5,SDL,40,,,,,,
              - C5,0,
              > C5,STL,1450,,,,,,
              - C5,0,
              > C5,SML2100,1321,2100,2100,2100,2100,2100,2100
              - C5,0,
              > C5,SBL,0,,,,,,
              - C5,0,
              > C5,MET2,,,,0,0,0,0,0,0,0,0
F 13:17:25    - C5,0,
              > C5,RPZ0
              - C5,0,2097,1332,2097,2100,2100,2100,2100,2100
              > C5,SEP,1200,,,,,,
              - C5,0,
              > C5,SPP,900,,,,,,
              - C5,0,
              > C5,STZ,0,,,,,,
              - C5,0,
              > C5,MTR,-92,,,,,,
F 13:17:26    - C5,0,
              > C5,RPZ0
              - C5,0,2097,1332,2097,2100,2100,2100,2100,2100
              > C5,SSZ,500,,,,,,
              - C5,0,
              > C5,MAZ,1432,,,,,,
              - C5,0,
              > C6,RPZ0
              - C6,0,2097,1432,2097,2100,2100,2100,2100,2100
              > C6,RPX0
              - C6,0,2397
              > C6,RPX0
              - C6,0,2397
              > C6,RPY0
              - C6,0,1973,90
              > C5,SHZ2097,1450,2097,2100,2100,2100,2100,2100
              - C5,0,
              > C5,RPX0
              - C5,0,2397
              > C5,RPY0
              - C5,0,1973,90
              > C5,SSM1
              - C5,0,
              > C5,PAA2397,1928,90,2097,1450,1448,2100,2100,2100,2100,2100
F 13:17:27    - C5,0,
              > C5,SSM0
              - C5,0,
              > C6,RPX0
              - C6,0,2397
              > C6,RPY0
              - C6,0,1928,90
              > C5,RPP0
              - C5,0,60,60,152,152,600,600,600,600
              > C5,SDM7,1
              - C5,0,
              > C5,SSL,,600,,,,,
              - C5,0,
              > C5,SDL,,40,,,,,
              - C5,0,
              > C5,STL,,1448,,,,,
              - C5,0,
              > C5,SML2100,2100,1319,2100,2100,2100,2100,2100
              - C5,0,
              > C5,SBL,,0,,,,,
              - C5,0,
              > C5,MET4,,,,0,0,0,0,0,0,0,0
F 13:17:28    - C5,0,
              > C5,RPZ0
              - C5,0,2097,1450,1329,2100,2100,2100,2100,2100
              > C5,SEP,,1200,,,,,
              - C5,0,
              > C5,SPP,,900,,,,,
              - C5,0,
              > C5,STZ,,0,,,,,
              - C5,0,
              > C5,MTR,,-92,,,,,
              - C5,0,
              > C5,RPZ0
              - C5,0,2097,1450,1329,2100,2100,2100,2100,2100
              > C5,SSZ,,500,,,,,
              - C5,0,
              > C5,MAZ,,1430,,,,,
F 13:17:29    - C5,0,
              > C6,RPZ0
              - C6,0,2097,1450,1430,2100,2100,2100,2100,2100
              > C6,RPX0
              - C6,0,2397
              > C6,RPX0
              - C6,0,2397
              > C6,RPY0
              - C6,0,1928,90
              > C5,SHZ2097,2099,1448,2100,2100,2100,2100,2100
              - C5,0,
              > C5,RPX0
              - C5,0,2397
              > C5,RPY0
              - C5,0,1928,90
              > C5,SSM1
              - C5,0,
              > C5,PAA2397,1883,90,2097,2100,1448,1451,2100,2100,2100,2100
F 13:17:30    - C5,0,
              > C5,SSM0
              - C5,0,
              > C6,RPX0
              - C6,0,2397
              > C6,RPY0
              - C6,0,1883,90
              > C5,RPP0
              - C5,0,60,60,60,152,600,600,600,600
              > C5,SDM7,1
              - C5,0,
              > C5,SSL,,,600,,,,
              - C5,0,
              > C5,SDL,,,40,,,,
              - C5,0,
              > C5,STL,,,1451,,,,
              - C5,0,
              > C5,SML2100,2100,2100,1322,2100,2100,2100,2100
              - C5,0,
              > C5,SBL,,,0,,,,
              - C5,0,
              > C5,MET8,,,,0,0,0,0,0,0,0,0
F 13:17:31    - C5,0,
              > C5,RPZ0
              - C5,0,2097,2100,1448,1331,2100,2100,2100,2100
              > C5,SEP,,,1200,,,,
              - C5,0,
              > C5,SPP,,,900,,,,
              - C5,0,
              > C5,STZ,,,0,,,,
              - C5,0,
              > C5,MTR,,,-92,,,,
              - C5,0,
              > C5,RPZ0
              - C5,0,2097,2100,1448,1331,2100,2100,2100,2100
              > C5,SSZ,,,500,,,,
              - C5,0,
              > C5,MAZ,,,1433,,,,
F 13:17:32    - C5,0,

E 13:17:32  0 detected_volume_1 = 8

              detected_volume_2 = 13

              detected_volume_3 = 12

              detected_volume_4 = 11

              detected_volume_5 = -1

              detected_volume_6 = -1

              detected_volume_7 = -1

              detected_volume_8 = -1

              Line    8 : Aspirate
              tip 1 : aspirate 20.80µl  1, 3 Trough 100ml [8,3]
                               20.00µl "Roboliq_Water_Wet_1000" Standard <15.01 - 500.01µl> Single 
              tip 2 : aspirate 20.80µl  1, 4 Trough 100ml [8,3]
                               20.00µl "Roboliq_Water_Wet_1000" Standard <15.01 - 500.01µl> Single 
              tip 3 : aspirate 20.80µl  1, 5 Trough 100ml [8,3]
                               20.00µl "Roboliq_Water_Wet_1000" Standard <15.01 - 500.01µl> Single 
              tip 4 : aspirate 20.80µl  1, 6 Trough 100ml [8,3]
                               20.00µl "Roboliq_Water_Wet_1000" Standard <15.01 - 500.01µl> Single 
F 13:17:32  0 > C6,RPZ0
              - C6,0,2097,2100,1448,1433,2100,2100,2100,2100
              > C6,RPX0
              - C6,0,2397
              > C6,RPX0
              - C6,0,2397
              > C5,SHZ2097,2100,2097,2100,2100,2100,2100,2100
              - C5,0,
              > C5,RPX0
              - C5,0,2397
              > C5,RPY0
              - C5,0,1883,90
              > C2,RPX0
              - C2,0,8500
              > C2,RPR0
              - C2,0,900
              > C5,SSM1
              - C5,0,
              > C5,PAA1998,2212,90,1401,1403,1401,1404,2100,2100,2100,2100
F 13:17:33    - C5,0,
              > C5,SSM0
              - C5,0,
              > C6,RPX0
              - C6,0,1998
              > C6,RPY0
              - C6,0,2212,90
              > C5,SDM7,1
              - C5,0,
              > C5,SSL600,600,600,600,,,,
              - C5,0,
              > C5,SDL40,40,40,40,,,,
              - C5,0,
              > C5,STL1401,1403,1401,1404,,,,
              - C5,0,
              > C5,SML536,538,536,539,2100,2100,2100,2100
              - C5,0,
              > C5,SBL20,20,20,20,,,,
              - C5,0,

E 13:17:33  0 Perform liquid level detection
F 13:17:33  0 > C5,RPZ12
              - C5,0,2097,2100,2097,2100,2100,2100,2100,2100
              > C5,SHZ1633,1635,1633,1636,976,981,977,979
              - C5,0,
              > C5,MDT15,,,,1,1,1,1,0,0,0,0
F 13:17:37    - C5,0,
              > C5,SHZ2097,2100,2097,2100,2100,2100,2100,2100
              - C5,0,

              > C5,RPZ0
              - C5,0,1167,1171,1170,1172,2100,2100,2100,2100
              > C5,SSZ5,5,5,5,,,,
              - C5,0,
              > C6,RPZ0
              - C6,0,1167,1171,1170,1172,2100,2100,2100,2100
              > C5,SEP900,900,900,900,,,,
              - C5,0,
              > C5,STZ-1,-1,-1,-1,,,,
              - C5,0,
              > C5,MTR62,62,62,62,,,,
              - C5,0,

F 13:17:38  0 > C5,RPZ0
              - C5,0,1166,1170,1169,1171,2100,2100,2100,2100
              > C5,SSZ200,200,200,200,,,,
              - C5,0,
              > C5,MAZ1237,1241,1240,1242,,,,
              - C5,0,

E 13:17:38  0 Aspirate Airgap
F 13:17:38  0 > C5,PVL0,0,0,0,,,,
              - C5,0,
              > C5,SEP420,420,420,420,,,,
              - C5,0,
              > C5,PPR30,30,30,30,,,,
              - C5,0,


E 13:17:38  0 detected_volume_1 = 80203

              detected_volume_2 = 80449

              detected_volume_3 = 80572

              detected_volume_4 = 80449

              detected_volume_5 = -1

              detected_volume_6 = -1

              detected_volume_7 = -1

              detected_volume_8 = -1

              Line    9 : Dispense
              tip 1 : dispense 30.80µl  2, 1 D-BSSE 384 Well Plate Transp [10,4]
                               20.00µl "Roboliq_Water_Wet_1000" Standard <15.01 - 500.01µl> Single 
              tip 2 : dispense 30.80µl  2, 2 D-BSSE 384 Well Plate Transp [10,4]
                               20.00µl "Roboliq_Water_Wet_1000" Standard <15.01 - 500.01µl> Single 
              tip 3 : dispense 30.80µl  2, 3 D-BSSE 384 Well Plate Transp [10,4]
                               20.00µl "Roboliq_Water_Wet_1000" Standard <15.01 - 500.01µl> Single 
              tip 4 : dispense 30.80µl  2, 4 D-BSSE 384 Well Plate Transp [10,4]
                               20.00µl "Roboliq_Water_Wet_1000" Standard <15.01 - 500.01µl> Single 
F 13:17:38  0 > C6,RPZ0
              - C6,0,1237,1241,1240,1242,2100,2100,2100,2100
              > C6,RPX0
              - C6,0,1998
              > C6,RPX0
              - C6,0,1998
              > C5,SHZ2097,2099,2097,2100,2100,2100,2100,2100
              - C5,0,
              > C5,RPX0
              - C5,0,1998
              > C5,RPY0
              - C5,0,2212,90
F 13:17:39  0 > C2,RPX0
              - C2,0,8500
              > C2,RPR0
              - C2,0,900
              > C5,SSM1
              - C5,0,
              > C5,PAA2397,2018,90,1448,2100,2097,2100,2100,2100,2100,2100
F 13:17:40    - C5,0,
              > C5,SSM0
              - C5,0,
              > C6,RPX0
              - C6,0,2397
              > C6,RPY0
              - C6,0,2018,90
              > C5,RPP0
              - C5,0,152,152,152,152,600,600,600,600
              > C5,SDM7,1
              - C5,0,
              > C5,SSL600,,,,,,,
              - C5,0,
              > C5,SDL40,,,,,,,
              - C5,0,
              > C5,STL1448,,,,,,,
              - C5,0,
              > C5,SML1319,2100,2100,2100,2100,2100,2100,2100
              - C5,0,
              > C5,SBL0,,,,,,,
              - C5,0,
              > C5,MET1,,,,0,0,0,0,0,0,0,0
F 13:17:41    - C5,0,
              > C5,RPZ0
              - C5,0,1343,2100,2097,2100,2100,2100,2100,2100
              > C5,SEP1200,,,,,,,
              - C5,0,
              > C5,SPP900,,,,,,,
              - C5,0,
              > C5,STZ0,,,,,,,
              - C5,0,
              > C5,MTR-92,,,,,,,
              - C5,0,
              > C5,RPZ0
              - C5,0,1343,2100,2097,2100,2100,2100,2100,2100
              > C5,SSZ500,,,,,,,
              - C5,0,
              > C5,MAZ1430,,,,,,,
F 13:17:42    - C5,0,
              > C6,RPZ0
              - C6,0,1430,2100,2097,2100,2100,2100,2100,2100
              > C6,RPX0
              - C6,0,2397
              > C6,RPX0
              - C6,0,2397
              > C6,RPY0
              - C6,0,2018,90
              > C5,SHZ2097,2100,2097,2100,2100,2100,2100,2100
              - C5,0,
              > C5,RPX0
              - C5,0,2397
              > C5,RPY0
              - C5,0,2018,90
              > C5,SSM1
              - C5,0,
              > C5,PAA2397,1973,90,2097,1450,2097,2100,2100,2100,2100,2100
F 13:17:43    - C5,0,
              > C5,SSM0
              - C5,0,
              > C6,RPX0
              - C6,0,2397
              > C6,RPY0
              - C6,0,1973,90
              > C5,RPP0
              - C5,0,60,152,152,152,600,600,600,600
              > C5,SDM7,1
              - C5,0,
              > C5,SSL,600,,,,,,
              - C5,0,
              > C5,SDL,40,,,,,,
              - C5,0,
              > C5,STL,1450,,,,,,
              - C5,0,
              > C5,SML2100,1321,2100,2100,2100,2100,2100,2100
              - C5,0,
              > C5,SBL,0,,,,,,
              - C5,0,
              > C5,MET2,,,,0,0,0,0,0,0,0,0
F 13:17:44    - C5,0,
              > C5,RPZ0
              - C5,0,2097,1350,2097,2100,2100,2100,2100,2100
              > C5,SEP,1200,,,,,,
              - C5,0,
              > C5,SPP,900,,,,,,
              - C5,0,
              > C5,STZ,0,,,,,,
              - C5,0,
              > C5,MTR,-92,,,,,,
              - C5,0,
              > C5,RPZ0
              - C5,0,2097,1349,2097,2100,2100,2100,2100,2100
              > C5,SSZ,500,,,,,,
              - C5,0,
              > C5,MAZ,1432,,,,,,
              - C5,0,
              > C6,RPZ0
              - C6,0,2097,1432,2097,2100,2100,2100,2100,2100
              > C6,RPX0
              - C6,0,2397
              > C6,RPX0
F 13:17:45    - C6,0,2397
              > C6,RPY0
              - C6,0,1973,90
              > C5,SHZ2097,1450,2097,2100,2100,2100,2100,2100
              - C5,0,
              > C5,RPX0
              - C5,0,2397
              > C5,RPY0
              - C5,0,1973,90
              > C5,SSM1
              - C5,0,
              > C5,PAA2397,1928,90,2097,1450,1448,2100,2100,2100,2100,2100
              - C5,0,
              > C5,SSM0
              - C5,0,
              > C6,RPX0
              - C6,0,2397
              > C6,RPY0
              - C6,0,1928,90
              > C5,RPP0
              - C5,0,60,60,152,152,600,600,600,600
              > C5,SDM7,1
              - C5,0,
              > C5,SSL,,600,,,,,
              - C5,0,
              > C5,SDL,,40,,,,,
              - C5,0,
              > C5,STL,,1448,,,,,
F 13:17:46    - C5,0,
              > C5,SML2100,2100,1319,2100,2100,2100,2100,2100
              - C5,0,
              > C5,SBL,,0,,,,,
              - C5,0,
              > C5,MET4,,,,0,0,0,0,0,0,0,0
              - C5,0,
              > C5,RPZ0
              - C5,0,2097,1450,1346,2100,2100,2100,2100,2100
              > C5,SEP,,1200,,,,,
              - C5,0,
              > C5,SPP,,900,,,,,
              - C5,0,
              > C5,STZ,,0,,,,,
              - C5,0,
              > C5,MTR,,-92,,,,,
F 13:17:47    - C5,0,
              > C5,RPZ0
              - C5,0,2097,1450,1346,2100,2100,2100,2100,2100
              > C5,SSZ,,500,,,,,
              - C5,0,
              > C5,MAZ,,1430,,,,,
              - C5,0,
              > C6,RPZ0
              - C6,0,2097,1450,1430,2100,2100,2100,2100,2100
              > C6,RPX0
              - C6,0,2397
              > C6,RPX0
              - C6,0,2397
              > C6,RPY0
              - C6,0,1928,90
              > C5,SHZ2097,2099,1448,2100,2100,2100,2100,2100
              - C5,0,
              > C5,RPX0
              - C5,0,2397
              > C5,RPY0
              - C5,0,1928,90
              > C5,SSM1
              - C5,0,
              > C5,PAA2397,1883,90,2097,2100,1448,1451,2100,2100,2100,2100
F 13:17:48    - C5,0,
              > C5,SSM0
              - C5,0,
              > C6,RPX0
              - C6,0,2397
              > C6,RPY0
              - C6,0,1883,90
              > C5,RPP0
              - C5,0,60,60,60,152,600,600,600,600
              > C5,SDM7,1
              - C5,0,
              > C5,SSL,,,600,,,,
              - C5,0,
              > C5,SDL,,,40,,,,
              - C5,0,
              > C5,STL,,,1451,,,,
              - C5,0,
              > C5,SML2100,2100,2100,1322,2100,2100,2100,2100
              - C5,0,
              > C5,SBL,,,0,,,,
              - C5,0,
              > C5,MET8,,,,0,0,0,0,0,0,0,0
F 13:17:49    - C5,0,
              > C5,RPZ0
              - C5,0,2097,2100,1448,1348,2100,2100,2100,2100
              > C5,SEP,,,1200,,,,
              - C5,0,
              > C5,SPP,,,900,,,,
              - C5,0,
              > C5,STZ,,,0,,,,
              - C5,0,
              > C5,MTR,,,-92,,,,
F 13:17:50    - C5,0,
              > C5,RPZ0
              - C5,0,2097,2100,1448,1348,2100,2100,2100,2100
              > C5,SSZ,,,500,,,,
              - C5,0,
              > C5,MAZ,,,1433,,,,
              - C5,0,

E 13:17:50  0 detected_volume_1 = 29

              detected_volume_2 = 35

              detected_volume_3 = 33

              detected_volume_4 = 31

              detected_volume_5 = -1

              detected_volume_6 = -1

              detected_volume_7 = -1

              detected_volume_8 = -1

              Line   10 : Detect Liquid
              tip 1 : detect  2, 1 D-BSSE 384 Well Plate Transp [10,4]
                              "Roboliq_Water_Wet_1000" 
              tip 2 : detect  2, 2 D-BSSE 384 Well Plate Transp [10,4]
                              "Roboliq_Water_Wet_1000" 
              tip 3 : detect  2, 3 D-BSSE 384 Well Plate Transp [10,4]
                              "Roboliq_Water_Wet_1000" 
              tip 4 : detect  2, 4 D-BSSE 384 Well Plate Transp [10,4]
                              "Roboliq_Water_Wet_1000" 
F 13:17:50  0 > C6,RPZ0
              - C6,0,2097,2100,1448,1433,2100,2100,2100,2100
              > C6,RPX0
              - C6,0,2397
              > C6,RPX0
              - C6,0,2397
              > C6,RPY0
              - C6,0,1883,90
              > C5,SHZ2097,2100,1448,1451,2100,2100,2100,2100
              - C5,0,
              > C5,RPX0
              - C5,0,2397
              > C5,RPY0
              - C5,0,1883,90
              > C5,SSM1
              - C5,0,
              > C5,PAA2397,2018,90,1448,2100,1448,1451,2100,2100,2100,2100
F 13:17:51    - C5,0,
              > C5,SSM0
              - C5,0,
              > C6,RPX0
              - C6,0,2397
              > C6,RPY0
              - C6,0,2018,90
              > C5,SDM7,1
              - C5,0,
              > C5,SSL600,,,,,,,
              - C5,0,
              > C5,SDL40,,,,,,,
              - C5,0,
              > C5,STL1448,,,,,,,
              - C5,0,
              > C5,SML1319,2100,2100,2100,2100,2100,2100,2100
              - C5,0,
              > C5,SBL0,,,,,,,
              - C5,0,
              > C5,RPZ12
              - C5,0,2097,2100,1448,1451,2100,2100,2100,2100
              > C5,SHZ2100,2100,2100,2100,2100,2100,2100,2100
              - C5,0,
              > C5,MDT1,,,,0,0,0,0,0,0,0,0
F 13:17:52    - C5,0,
              > C5,REE
              - C5,0,@@@@@@@@@@@
              > C5,SHZ2097,2100,1448,1451,2100,2100,2100,2100
              - C5,0,
              > C5,RVZ1
              - C5,0,1371,1360,1357,1358,0,0,0,0
              > C5,RPZ0
              - C5,0,1361,2100,1448,1451,2100,2100,2100,2100
              > C5,RPZ0
              - C5,0,1361,2100,1448,1451,2100,2100,2100,2100
              > C5,SSZ600,,,,,,,
              - C5,0,
              > C5,MAZ1448,,,,,,,
              - C5,0,
              > C6,RPZ0
              - C6,0,1448,2100,1448,1451,2100,2100,2100,2100
              > C6,RPX0
              - C6,0,2397
F 13:17:53  0 > C6,RPX0
              - C6,0,2397
              > C6,RPY0
              - C6,0,2018,90
              > C5,SHZ2097,2100,1448,1451,2100,2100,2100,2100
              - C5,0,
              > C5,RPX0
              - C5,0,2397
              > C5,RPY0
              - C5,0,2018,90
              > C5,SSM1
              - C5,0,
              > C5,PAA2397,1973,90,2097,1450,1448,1451,2100,2100,2100,2100
F 13:17:54    - C5,0,
              > C5,SSM0
              - C5,0,
              > C6,RPX0
              - C6,0,2397
              > C6,RPY0
              - C6,0,1973,90
              > C5,SDM7,1
              - C5,0,
              > C5,SSL,600,,,,,,
              - C5,0,
              > C5,SDL,40,,,,,,
              - C5,0,
              > C5,STL,1450,,,,,,
              - C5,0,
              > C5,SML2100,1321,2100,2100,2100,2100,2100,2100
              - C5,0,
              > C5,SBL,0,,,,,,
              - C5,0,
              > C5,RPZ12
              - C5,0,2097,2100,1448,1451,2100,2100,2100,2100
              > C5,SHZ2100,2100,2100,2100,2100,2100,2100,2100
              - C5,0,
              > C5,MDT2,,,,0,0,0,0,0,0,0,0
F 13:17:55    - C5,0,
              > C5,REE
              - C5,0,@@@@@@@@@@@
              > C5,SHZ2097,2100,1448,1451,2100,2100,2100,2100
              - C5,0,
              > C5,RVZ1
              - C5,0,1371,1377,1357,1358,0,0,0,0
              > C5,RPZ0
              - C5,0,2097,1366,1448,1451,2100,2100,2100,2100
              > C5,RPZ0
              - C5,0,2097,1366,1448,1451,2100,2100,2100,2100
              > C5,SSZ,600,,,,,,
              - C5,0,
              > C5,MAZ,1450,,,,,,
              - C5,0,
              > C6,RPZ0
              - C6,0,2097,1451,1448,1451,2100,2100,2100,2100
              > C6,RPX0
              - C6,0,2397
              > C6,RPX0
              - C6,0,2397
              > C6,RPY0
              - C6,0,1973,90
              > C5,SHZ2097,1451,1448,1451,2100,2100,2100,2100
              - C5,0,
              > C5,RPX0
              - C5,0,2397
              > C5,RPY0
              - C5,0,1973,90
              > C5,SSM1
              - C5,0,
              > C5,PAA2397,1928,90,2097,1451,1448,1451,2100,2100,2100,2100
F 13:17:56    - C5,0,
              > C5,SSM0
              - C5,0,
              > C6,RPX0
              - C6,0,2397
              > C6,RPY0
              - C6,0,1928,90
              > C5,SDM7,1
              - C5,0,
              > C5,SSL,,600,,,,,
              - C5,0,
              > C5,SDL,,40,,,,,
              - C5,0,
              > C5,STL,,1448,,,,,
              - C5,0,
              > C5,SML2100,2100,1319,2100,2100,2100,2100,2100
              - C5,0,
              > C5,SBL,,0,,,,,
              - C5,0,
              > C5,RPZ12
              - C5,0,2097,1451,1448,1451,2100,2100,2100,2100
              > C5,SHZ2100,2100,2100,2100,2100,2100,2100,2100
              - C5,0,
              > C5,MDT4,,,,0,0,0,0,0,0,0,0
F 13:17:57    - C5,0,
              > C5,REE
              - C5,0,@@@@@@@@@@@
              > C5,SHZ2097,1451,1448,1451,2100,2100,2100,2100
              - C5,0,
              > C5,RVZ1
              - C5,0,1371,1397,1377,1358,0,0,0,0
              > C5,RPZ0
              - C5,0,2097,1451,1366,1451,2100,2100,2100,2100
              > C5,RPZ0
              - C5,0,2097,1451,1366,1451,2100,2100,2100,2100
              > C5,SSZ,,600,,,,,
              - C5,0,
              > C5,MAZ,,1448,,,,,
              - C5,0,
              > C6,RPZ0
              - C6,0,2097,1451,1449,1451,2100,2100,2100,2100
              > C6,RPX0
              - C6,0,2397
              > C6,RPX0
              - C6,0,2397
              > C6,RPY0
              - C6,0,1928,90
              > C5,SHZ2097,2099,1449,1451,2100,2100,2100,2100
              - C5,0,
              > C5,RPX0
              - C5,0,2397
              > C5,RPY0
              - C5,0,1928,90
              > C5,SSM1
              - C5,0,
              > C5,PAA2397,1883,90,2097,2100,1449,1451,2100,2100,2100,2100
F 13:17:58    - C5,0,
              > C5,SSM0
              - C5,0,
              > C6,RPX0
              - C6,0,2397
              > C6,RPY0
              - C6,0,1883,90
              > C5,SDM7,1
              - C5,0,
              > C5,SSL,,,600,,,,
              - C5,0,
              > C5,SDL,,,40,,,,
              - C5,0,
              > C5,STL,,,1451,,,,
              - C5,0,
              > C5,SML2100,2100,2100,1322,2100,2100,2100,2100
              - C5,0,
              > C5,SBL,,,0,,,,
              - C5,0,
              > C5,RPZ12
              - C5,0,2097,2099,1449,1451,2100,2100,2100,2100
              > C5,SHZ2100,2100,2100,2100,2100,2100,2100,2100
              - C5,0,
              > C5,MDT8,,,,0,0,0,0,0,0,0,0
F 13:18:00    * C5,9,
              > C5,REE
              - C5,0,@@@@@@I@@@@
              > C5,SHZ2097,2099,1449,1451,2100,2100,2100,2100
              - C5,0,
              > C5,RVZ1
              - C5,0,1371,1397,1393,1358,0,0,0,0
              > C5,RPZ0
              - C5,0,2097,2100,1449,2100,2100,2100,2100,2100
              > C5,RPZ0
              - C5,0,2097,2100,1449,2100,2100,2100,2100,2100
              > C5,SSZ,,,600,,,,
              - C5,0,
              > C5,MAZ,,,1451,,,,
F 13:18:01    - C5,0,

E 13:18:01  0 detected_volume_1 = 63

              detected_volume_2 = 68

              detected_volume_3 = 71

              detected_volume_4 = -1

              detected_volume_5 = -1

              detected_volume_6 = -1

              detected_volume_7 = -1

              detected_volume_8 = -1

              Line   11 : Sub-Routine

              Line 11/1 : Wash Tips
              wash (4ml + 2ml), grid 1 and grid 1
F 13:18:01  0 > C2,RPX0
              - C2,0,8500
              > C2,RPR0
              - C2,0,900
              > C5,SSM1
              - C5,0,
              > C5,RPX0
              - C5,0,2397
              > C5,SHZ2100,2100,2100,2100,2100,2100,2100,2100
              - C5,0,
              > C5,SSM1
              - C5,0,
              > C5,RPX0
              - C5,0,2397
              > C5,RPY0
              - C5,0,1883,90
              > C5,SSM1
              - C5,0,
              > C5,SHZ2100,2100,2100,2100,2100,2100,2100,2100
              - C5,0,
              > C5,PAA45,1031,90,1201,1203,1201,1204,,,,
F 13:18:03    - C5,0,
              > C5,SSM0
              - C5,0,
              > C6,RPX0
              - C6,0,45
              > C6,RPY0
              - C6,0,1031,90
              > C6,RPX0
              - C6,0,45
              > C6,RPY0
              - C6,0,1031,90
              > C5,PVL0,0,0,0,,,,
              - C5,0,
              > C5,SEP5400,5400,5400,5400,,,,
              - C5,0,
              > C5,SPP2700,2700,2700,2700,,,,
              - C5,0,
              > C5,PPA0,0,0,0,,,,
              - C5,0,
              > C5,PVL1,1,1,1,,,,
              - C5,0,
              > C5,SEP5400,5400,5400,5400,,,,
              - C5,0,
              > C5,SPP2700,2700,2700,2700,,,,
F 13:18:04    - C5,0,
              > C5,PPR3000,3000,3000,3000,,,,
F 13:18:05    - C5,0,
              > C5,PVL0,0,0,0,,,,
              - C5,0,
              > C5,PPA0,0,0,0,,,,
F 13:18:06    - C5,0,
              > C5,PVL1,1,1,1,,,,
F 13:18:07    - C5,0,
              > C5,SEP5400,5400,5400,5400,,,,
              - C5,0,
              > C5,SPP2700,2700,2700,2700,,,,
              - C5,0,
              > C5,PPR3000,3000,3000,3000,,,,
F 13:18:08    - C5,0,
              > C5,PVL0,0,0,0,,,,
F 13:18:09    - C5,0,
              > C5,PPA0,0,0,0,,,,
F 13:18:10    - C5,0,
              > C5,PVL1,1,1,1,,,,
              - C5,0,
              > C5,SEP5400,5400,5400,5400,,,,
              - C5,0,
              > C5,SPP2700,2700,2700,2700,,,,
              - C5,0,
              > C5,PPR3000,3000,3000,3000,,,,
F 13:18:12    - C5,0,
              > C5,PVL0,0,0,0,,,,
              - C5,0,
              > C5,PPA0,0,0,0,,,,
F 13:18:13    - C5,0,
              > C5,PVL1,1,1,1,,,,
              - C5,0,
              > C5,SEP5400,5400,5400,5400,,,,
              - C5,0,
              > C5,SPP2700,2700,2700,2700,,,,
              - C5,0,
              > C5,PPR3000,3000,3000,3000,,,,
F 13:18:15    - C5,0,
              > C5,PVL0,0,0,0,,,,
              - C5,0,
              > C5,PPA0,0,0,0,,,,
F 13:18:16    - C5,0,
              > C5,RPX0
              - C5,0,45
              > C5,SHZ2100,2100,2100,2100,2100,2100,2100,2100
              - C5,0,
              > C5,RPX0
F 13:18:17    - C5,0,45
              > C6,RPZ0
              - C6,0,1201,1203,1201,1204,2100,2100,2100,2100
              > C5,SHZ2100,2100,2100,2100,2100,2100,2100,2100
              - C5,0,
              > C5,RPX0
              - C5,0,45
              > C5,RPY0
              - C5,0,1031,90
              > C5,SSM1
              - C5,0,
              > C5,PAA49,166,90,1141,1143,1141,1144,,,,
F 13:18:18    - C5,0,
              > C5,SSM0
              - C5,0,
              > C6,RPX0
              - C6,0,49
              > C6,RPY0
              - C6,0,166,90
              > C5,PVL1,1,1,1,,,,
F 13:18:19    - C5,0,
              > C5,SEP5400,5400,5400,5400,,,,
              - C5,0,
              > C5,SPP2700,2700,2700,2700,,,,
              - C5,0,
              > C5,PPR3000,3000,3000,3000,,,,
F 13:18:20    - C5,0,
              > C5,PVL0,0,0,0,,,,
              - C5,0,
              > C5,PPA0,0,0,0,,,,
F 13:18:22    - C5,0,
              > C5,PVL1,1,1,1,,,,
              - C5,0,
              > C5,SEP5400,5400,5400,5400,,,,
              - C5,0,
              > C5,SPP2700,2700,2700,2700,,,,
              - C5,0,
              > C5,PPR3000,3000,3000,3000,,,,
F 13:18:23    - C5,0,
              > C5,PVL0,0,0,0,,,,
F 13:18:24    - C5,0,
              > C5,PPA0,0,0,0,,,,
F 13:18:25    - C5,0,
              > C5,MAZ1521,1523,1521,1524,,,,,300
F 13:18:26    - C5,0,

E 13:18:26  0 Aspirate Airgap
F 13:18:26  0 > C5,SEP420,420,420,420,,,,
              - C5,0,
              > C5,PPR30,30,30,30,,,,
F 13:18:27    - C5,0,

              > O1,ALO1,1
              - O1,0,
              > O1,ALO2,1
F 13:18:28    - O1,0,
              > O1,RSL2
              - O1,0,0
              > O1,SSL1,1
              - O1,0,
              > O1,ALO1,0
              - O1,0,
              > O1,ALO2,0
              - O1,0,
              > O1,RSL1
              - O1,0,1
              > O1,SSL1,0
              - O1,0,
              > O1,RSL2
              - O1,0,0
              > O1,SPS0
              - O1,0,
F 13:21:04    > O1,RSL1
              - O1,0,0
              > O1,RSL2
              - O1,0,0
A 13:27:34    HLM_LOGIN Result:0
              HLM_LOGIN Result:0
A 13:27:35    HLM_LOGIN Result:15
A 13:27:37    HLM_LOGIN Result:0
A 13:27:39    HLM_LOGIN Result:15
              HLM_LOGIN Result:0
F 13:27:39    > O1,ALO1,1
F 13:27:40    - O1,0,
              > O1,ALO2,1
              - O1,0,
              > O1,RSL2
              - O1,0,0
              > O1,SSL1,1
              - O1,0,
G 13:27:40    Named Pipe 3 Command "IsInitialized"
              Named Pipe 3 Answer  "0;1"
F 13:27:40    > O1,SPN
              - O1,0,
              > O1,SPS3
              - O1,0,
A 13:27:40    closing log-file
