B58B637C
20150112_115620 Admin           
                                                                                                                                
                                                                                                                                
              Freedom EVOware, Version 2, 6, 17, 0
D 11:56:20    Starting program "RemoveAirFromTips2" (lines 1 to 4)
F 11:56:20  0 > C5,RPZ5
              - C5,0,2100,2100,2100,2100,2100,2100,2100,2100
              > C5,PAZ2100,2100,2100,2100,2100,2100,2100,2100
              - C5,0,

E 11:56:20  0 Line    1 : Wash Tips
              wash (100ml + 4ml), grid 1 and grid 1
F 11:56:20  0 > C2,RPX0
              - C2,0,8500
              > C2,RPR0
              - C2,0,900
              > C5,SSM1
              - C5,0,
              > C5,RPX0
              - C5,0,45
              > C5,SHZ2100,2100,2100,2100,2100,2100,2100,2100
              - C5,0,
              > C5,SSM1
              - C5,0,
              > C5,RPX0
              - C5,0,45
              > C5,RPY0
              - C5,0,1031,90
              > C5,SSM1
              - C5,0,
              > C5,SHZ2100,2100,2100,2100,2100,2100,2100,2100
              - C5,0,
              > C5,PAA45,1031,90,1201,1203,1201,1204,544,549,545,547
F 11:56:21    - C5,0,
              > C5,SSM0
              - C5,0,
              > C6,RPX0
              - C6,0,45
              > C6,RPY0
              - C6,0,1031,90
              > C6,RPX0
              - C6,0,45
              > C6,RPY0
              - C6,0,1031,90
              > C5,PVL0,0,0,0,0,0,0,0
              - C5,0,
              > C5,SEP5400,5400,5400,5400,5400,5400,5400,5400
              - C5,0,
              > C5,SPP2700,2700,2700,2700,2700,2700,2700,2700
              - C5,0,
              > C5,PPA0,0,0,0,0,0,0,0
              - C5,0,
              > C5,PVL2,2,2,2,2,2,2,2
F 11:56:22    - C5,0,
              > C5,T30AFI1,38,400
F 11:57:02    - C5,0,
F 11:57:03  0 > C5,PVL1,1,1,1,1,1,1,1
              - C5,0,
              > C5,PVL1,1,1,1,1,1,1,1
              - C5,0,
              > C5,SEP5400,5400,5400,5400,5400,5400,5400,5400
              - C5,0,
              > C5,SPP2700,2700,2700,2700,2700,2700,2700,2700
              - C5,0,
              > C5,PPR1500,1500,1500,1500,1500,1500,1500,1500
F 11:57:04    - C5,0,
              > C5,PVL0,0,0,0,0,0,0,0
              - C5,0,
              > C5,PPA0,0,0,0,0,0,0,0
F 11:57:05    - C5,0,
              > C5,RPX0
              - C5,0,45
              > C5,SHZ2100,2100,2100,2100,2100,2100,2100,2100
              - C5,0,
              > C5,RPX0
              - C5,0,45
              > C6,RPZ0
              - C6,0,1201,1203,1201,1204,544,549,545,547
              > C5,SHZ2100,2100,2100,2100,2100,2100,2100,2100
              - C5,0,
              > C5,RPX0
              - C5,0,45
              > C5,RPY0
              - C5,0,1031,90
              > C5,SSM1
              - C5,0,
              > C5,PAA49,1915,90,1141,1143,1141,1144,484,489,485,487
F 11:57:07    - C5,0,
              > C5,SSM0
              - C5,0,
              > C6,RPX0
              - C6,0,49
              > C6,RPY0
              - C6,0,1915,90
              > C5,PVL2,2,2,2,2,2,2,2
              - C5,0,
              > C5,T30AFI1,38,16
F 11:57:09    - C5,0,
F 11:57:10  0 > C5,PVL0,0,0,0,0,0,0,0
              - C5,0,
              > C5,MAZ1521,1523,1521,1524,864,869,865,867,300
F 11:57:11    - C5,0,

E 11:57:11  0 Aspirate Airgap
F 11:57:11  0 > C5,SEP420,420,420,420,5400,5400,5400,5400
              - C5,0,
              > C5,PPR30,30,30,30,600,600,600,600
F 11:57:12    - C5,0,


E 11:57:12  0 Line    2 : Wash Tips
              wash (100ml + 4ml), grid 1 and grid 1
F 11:57:12  0 > C2,RPX0
              - C2,0,8500
              > C2,RPR0
              - C2,0,900
              > C5,SSM1
              - C5,0,
              > C5,RPX0
              - C5,0,49
              > C5,SHZ2100,2100,2100,2100,2100,2100,2100,2100
              - C5,0,
              > C5,SSM1
              - C5,0,
              > C5,RPX0
              - C5,0,49
              > C5,RPY0
              - C5,0,1915,90
              > C5,SSM1
              - C5,0,
              > C5,SHZ2100,2100,2100,2100,2100,2100,2100,2100
              - C5,0,
              > C5,PAA45,1031,90,1201,1203,1201,1204,544,549,545,547
F 11:57:14    - C5,0,
              > C5,SSM0
              - C5,0,
              > C6,RPX0
              - C6,0,45
              > C6,RPY0
              - C6,0,1031,90
              > C6,RPX0
              - C6,0,45
              > C6,RPY0
              - C6,0,1031,90
              > C5,PVL0,0,0,0,0,0,0,0
              - C5,0,
              > C5,SEP5400,5400,5400,5400,5400,5400,5400,5400
              - C5,0,
              > C5,SPP2700,2700,2700,2700,2700,2700,2700,2700
              - C5,0,
              > C5,PPA0,0,0,0,0,0,0,0
F 11:57:15    - C5,0,
              > C5,PVL2,2,2,2,2,2,2,2
              - C5,0,
              > C5,T30AFI1,38,400
F 11:57:55    - C5,0,
F 11:57:56  0 > C5,PVL1,1,1,1,1,1,1,1
              - C5,0,
              > C5,PVL1,1,1,1,1,1,1,1
              - C5,0,
              > C5,SEP5400,5400,5400,5400,5400,5400,5400,5400
              - C5,0,
              > C5,SPP2700,2700,2700,2700,2700,2700,2700,2700
              - C5,0,
              > C5,PPR1500,1500,1500,1500,1500,1500,1500,1500
F 11:57:57    - C5,0,
              > C5,PVL0,0,0,0,0,0,0,0
              - C5,0,
              > C5,PPA0,0,0,0,0,0,0,0
F 11:57:58    - C5,0,
              > C5,RPX0
              - C5,0,45
              > C5,SHZ2100,2100,2100,2100,2100,2100,2100,2100
              - C5,0,
              > C5,RPX0
              - C5,0,45
              > C6,RPZ0
              - C6,0,1201,1203,1201,1204,544,549,545,547
              > C5,SHZ2100,2100,2100,2100,2100,2100,2100,2100
              - C5,0,
              > C5,RPX0
              - C5,0,45
              > C5,RPY0
              - C5,0,1031,90
              > C5,SSM1
              - C5,0,
              > C5,PAA49,1915,90,1141,1143,1141,1144,484,489,485,487
F 11:58:00    - C5,0,
              > C5,SSM0
              - C5,0,
              > C6,RPX0
              - C6,0,50
              > C6,RPY0
              - C6,0,1915,90
              > C5,PVL2,2,2,2,2,2,2,2
F 11:58:01    - C5,0,
              > C5,T30AFI1,38,16
F 11:58:02    - C5,0,
F 11:58:03  0 > C5,PVL0,0,0,0,0,0,0,0
              - C5,0,
              > C5,MAZ1521,1523,1521,1524,864,869,865,867,300
F 11:58:05    - C5,0,

E 11:58:05  0 Aspirate Airgap
F 11:58:05  0 > C5,SEP420,420,420,420,5400,5400,5400,5400
              - C5,0,
              > C5,PPR30,30,30,30,600,600,600,600
              - C5,0,


E 11:58:05  0 Line    3 : Wash Tips
              wash (50ml + 4ml), grid 1 and grid 1
F 11:58:05  0 > C2,RPX0
              - C2,0,8500
              > C2,RPR0
              - C2,0,900
              > C5,SSM1
              - C5,0,
              > C5,RPX0
              - C5,0,49
              > C5,SHZ2100,2100,2100,2100,2100,2100,2100,2100
              - C5,0,
              > C5,SSM1
              - C5,0,
              > C5,RPX0
              - C5,0,49
              > C5,RPY0
              - C5,0,1915,90
              > C5,SSM1
              - C5,0,
              > C5,SHZ2100,2100,2100,2100,2100,2100,2100,2100
              - C5,0,
              > C5,PAA45,1031,90,1201,1203,1201,1204,,,,
F 11:58:07    - C5,0,
              > C5,SSM0
              - C5,0,
              > C6,RPX0
              - C6,0,45
              > C6,RPY0
              - C6,0,1031,90
              > C6,RPX0
              - C6,0,45
              > C6,RPY0
              - C6,0,1031,90
              > C5,PVL0,0,0,0,,,,
              - C5,0,
              > C5,SEP5400,5400,5400,5400,,,,
              - C5,0,
              > C5,SPP2700,2700,2700,2700,,,,
              - C5,0,
              > C5,PPA0,0,0,0,,,,
              - C5,0,
              > C5,PVL1,1,1,1,,,,
              - C5,0,
              > C5,SEP5400,5400,5400,5400,,,,
              - C5,0,
              > C5,SPP2700,2700,2700,2700,,,,
F 11:58:08    - C5,0,
              > C5,PPR3000,3000,3000,3000,,,,
F 11:58:09    - C5,0,
              > C5,PVL0,0,0,0,,,,
              - C5,0,
              > C5,PPA0,0,0,0,,,,
F 11:58:10    - C5,0,
              > C5,PVL1,1,1,1,,,,
F 11:58:11    - C5,0,
              > C5,SEP5400,5400,5400,5400,,,,
              - C5,0,
              > C5,SPP2700,2700,2700,2700,,,,
              - C5,0,
              > C5,PPR3000,3000,3000,3000,,,,
F 11:58:12    - C5,0,
              > C5,PVL0,0,0,0,,,,
F 11:58:13    - C5,0,
              > C5,PPA0,0,0,0,,,,
F 11:58:14    - C5,0,
              > C5,PVL1,1,1,1,,,,
              - C5,0,
              > C5,SEP5400,5400,5400,5400,,,,
              - C5,0,
              > C5,SPP2700,2700,2700,2700,,,,
              - C5,0,
              > C5,PPR3000,3000,3000,3000,,,,
F 11:58:16    - C5,0,
              > C5,PVL0,0,0,0,,,,
              - C5,0,
              > C5,PPA0,0,0,0,,,,
F 11:58:17    - C5,0,
              > C5,PVL1,1,1,1,,,,
              - C5,0,
              > C5,SEP5400,5400,5400,5400,,,,
              - C5,0,
              > C5,SPP2700,2700,2700,2700,,,,
              - C5,0,
              > C5,PPR3000,3000,3000,3000,,,,
F 11:58:19    - C5,0,
              > C5,PVL0,0,0,0,,,,
              - C5,0,
              > C5,PPA0,0,0,0,,,,
F 11:58:20    - C5,0,
              > C5,PVL1,1,1,1,,,,
F 11:58:21    - C5,0,
              > C5,SEP5400,5400,5400,5400,,,,
              - C5,0,
              > C5,SPP2700,2700,2700,2700,,,,
              - C5,0,
              > C5,PPR3000,3000,3000,3000,,,,
F 11:58:22    - C5,0,
              > C5,PVL0,0,0,0,,,,
              - C5,0,
              > C5,PPA0,0,0,0,,,,
F 11:58:24    - C5,0,
              > C5,PVL1,1,1,1,,,,
              - C5,0,
              > C5,SEP5400,5400,5400,5400,,,,
              - C5,0,
              > C5,SPP2700,2700,2700,2700,,,,
              - C5,0,
              > C5,PPR3000,3000,3000,3000,,,,
F 11:58:25    - C5,0,
              > C5,PVL0,0,0,0,,,,
F 11:58:26    - C5,0,
              > C5,PPA0,0,0,0,,,,
F 11:58:27    - C5,0,
              > C5,PVL1,1,1,1,,,,
              - C5,0,
              > C5,SEP5400,5400,5400,5400,,,,
              - C5,0,
              > C5,SPP2700,2700,2700,2700,,,,
              - C5,0,
              > C5,PPR3000,3000,3000,3000,,,,
F 11:58:29    - C5,0,
              > C5,PVL0,0,0,0,,,,
              - C5,0,
              > C5,PPA0,0,0,0,,,,
F 11:58:30    - C5,0,
              > C5,PVL1,1,1,1,,,,
F 11:58:31    - C5,0,
              > C5,SEP5400,5400,5400,5400,,,,
              - C5,0,
              > C5,SPP2700,2700,2700,2700,,,,
              - C5,0,
              > C5,PPR3000,3000,3000,3000,,,,
F 11:58:32    - C5,0,
              > C5,PVL0,0,0,0,,,,
              - C5,0,
              > C5,PPA0,0,0,0,,,,
F 11:58:34    - C5,0,
              > C5,PVL1,1,1,1,,,,
              - C5,0,
              > C5,SEP5400,5400,5400,5400,,,,
              - C5,0,
              > C5,SPP2700,2700,2700,2700,,,,
              - C5,0,
              > C5,PPR3000,3000,3000,3000,,,,
F 11:58:35    - C5,0,
              > C5,PVL0,0,0,0,,,,
F 11:58:36    - C5,0,
              > C5,PPA0,0,0,0,,,,
F 11:58:37    - C5,0,
              > C5,PVL1,1,1,1,,,,
              - C5,0,
              > C5,SEP5400,5400,5400,5400,,,,
              - C5,0,
              > C5,SPP2700,2700,2700,2700,,,,
              - C5,0,
              > C5,PPR3000,3000,3000,3000,,,,
F 11:58:39    - C5,0,
              > C5,PVL0,0,0,0,,,,
              - C5,0,
              > C5,PPA0,0,0,0,,,,
F 11:58:40    - C5,0,
              > C5,PVL1,1,1,1,,,,
F 11:58:41    - C5,0,
              > C5,SEP5400,5400,5400,5400,,,,
              - C5,0,
              > C5,SPP2700,2700,2700,2700,,,,
              - C5,0,
              > C5,PPR3000,3000,3000,3000,,,,
F 11:58:42    - C5,0,
              > C5,PVL0,0,0,0,,,,
              - C5,0,
              > C5,PPA0,0,0,0,,,,
F 11:58:44    - C5,0,
              > C5,PVL1,1,1,1,,,,
              - C5,0,
              > C5,SEP5400,5400,5400,5400,,,,
              - C5,0,
              > C5,SPP2700,2700,2700,2700,,,,
              - C5,0,
              > C5,PPR3000,3000,3000,3000,,,,
F 11:58:45    - C5,0,
              > C5,PVL0,0,0,0,,,,
F 11:58:46    - C5,0,
              > C5,PPA0,0,0,0,,,,
F 11:58:47    - C5,0,
              > C5,PVL1,1,1,1,,,,
              - C5,0,
              > C5,SEP5400,5400,5400,5400,,,,
              - C5,0,
              > C5,SPP2700,2700,2700,2700,,,,
              - C5,0,
              > C5,PPR3000,3000,3000,3000,,,,
F 11:58:49    - C5,0,
              > C5,PVL0,0,0,0,,,,
              - C5,0,
              > C5,PPA0,0,0,0,,,,
F 11:58:50    - C5,0,
              > C5,PVL1,1,1,1,,,,
F 11:58:51    - C5,0,
              > C5,SEP5400,5400,5400,5400,,,,
              - C5,0,
              > C5,SPP2700,2700,2700,2700,,,,
              - C5,0,
              > C5,PPR3000,3000,3000,3000,,,,
F 11:58:52    - C5,0,
              > C5,PVL0,0,0,0,,,,
              - C5,0,
              > C5,PPA0,0,0,0,,,,
F 11:58:54    - C5,0,
              > C5,PVL1,1,1,1,,,,
              - C5,0,
              > C5,SEP5400,5400,5400,5400,,,,
              - C5,0,
              > C5,SPP2700,2700,2700,2700,,,,
              - C5,0,
              > C5,PPR3000,3000,3000,3000,,,,
F 11:58:55    - C5,0,
              > C5,PVL0,0,0,0,,,,
F 11:58:56    - C5,0,
              > C5,PPA0,0,0,0,,,,
F 11:58:57    - C5,0,
              > C5,PVL1,1,1,1,,,,
              - C5,0,
              > C5,SEP5400,5400,5400,5400,,,,
              - C5,0,
              > C5,SPP2700,2700,2700,2700,,,,
              - C5,0,
              > C5,PPR3000,3000,3000,3000,,,,
F 11:58:59    - C5,0,
              > C5,PVL0,0,0,0,,,,
              - C5,0,
              > C5,PPA0,0,0,0,,,,
F 11:59:00    - C5,0,
              > C5,PVL1,1,1,1,,,,
F 11:59:01    - C5,0,
              > C5,SEP5400,5400,5400,5400,,,,
              - C5,0,
              > C5,SPP2700,2700,2700,2700,,,,
              - C5,0,
              > C5,PPR3000,3000,3000,3000,,,,
F 11:59:02    - C5,0,
              > C5,PVL0,0,0,0,,,,
              - C5,0,
              > C5,PPA0,0,0,0,,,,
F 11:59:04    - C5,0,
              > C5,PVL1,1,1,1,,,,
              - C5,0,
              > C5,SEP5400,5400,5400,5400,,,,
              - C5,0,
              > C5,SPP2700,2700,2700,2700,,,,
              - C5,0,
              > C5,PPR3000,3000,3000,3000,,,,
F 11:59:05    - C5,0,
              > C5,PVL0,0,0,0,,,,
F 11:59:06    - C5,0,
              > C5,PPA0,0,0,0,,,,
F 11:59:07    - C5,0,
              > C5,PVL1,1,1,1,,,,
              - C5,0,
              > C5,SEP5400,5400,5400,5400,,,,
              - C5,0,
              > C5,SPP2700,2700,2700,2700,,,,
              - C5,0,
              > C5,PPR3000,3000,3000,3000,,,,
F 11:59:09    - C5,0,
              > C5,PVL0,0,0,0,,,,
              - C5,0,
              > C5,PPA0,0,0,0,,,,
F 11:59:10    - C5,0,
              > C5,PVL1,1,1,1,,,,
F 11:59:11    - C5,0,
              > C5,SEP5400,5400,5400,5400,,,,
              - C5,0,
              > C5,SPP2700,2700,2700,2700,,,,
              - C5,0,
              > C5,PPR3000,3000,3000,3000,,,,
F 11:59:12    - C5,0,
              > C5,PVL0,0,0,0,,,,
              - C5,0,
              > C5,PPA0,0,0,0,,,,
F 11:59:14    - C5,0,
              > C5,PVL1,1,1,1,,,,
              - C5,0,
              > C5,SEP5400,5400,5400,5400,,,,
              - C5,0,
              > C5,SPP2700,2700,2700,2700,,,,
              - C5,0,
              > C5,PPR3000,3000,3000,3000,,,,
F 11:59:15    - C5,0,
              > C5,PVL0,0,0,0,,,,
F 11:59:16    - C5,0,
              > C5,PPA0,0,0,0,,,,
F 11:59:17    - C5,0,
              > C5,PVL1,1,1,1,,,,
              - C5,0,
              > C5,SEP5400,5400,5400,5400,,,,
              - C5,0,
              > C5,SPP2700,2700,2700,2700,,,,
              - C5,0,
              > C5,PPR3000,3000,3000,3000,,,,
F 11:59:19    - C5,0,
              > C5,PVL0,0,0,0,,,,
              - C5,0,
              > C5,PPA0,0,0,0,,,,
F 11:59:20    - C5,0,
              > C5,PVL1,1,1,1,,,,
              - C5,0,
              > C5,SEP5400,5400,5400,5400,,,,
F 11:59:21    - C5,0,
              > C5,SPP2700,2700,2700,2700,,,,
              - C5,0,
              > C5,PPR3000,3000,3000,3000,,,,
F 11:59:22    - C5,0,
              > C5,PVL0,0,0,0,,,,
              - C5,0,
              > C5,PPA0,0,0,0,,,,
F 11:59:24    - C5,0,
              > C5,PVL1,1,1,1,,,,
              - C5,0,
              > C5,SEP5400,5400,5400,5400,,,,
              - C5,0,
              > C5,SPP2700,2700,2700,2700,,,,
              - C5,0,
              > C5,PPR3000,3000,3000,3000,,,,
F 11:59:25    - C5,0,
              > C5,PVL0,0,0,0,,,,
F 11:59:26    - C5,0,
              > C5,PPA0,0,0,0,,,,
F 11:59:27    - C5,0,
              > C5,PVL1,1,1,1,,,,
              - C5,0,
              > C5,SEP5400,5400,5400,5400,,,,
              - C5,0,
              > C5,SPP2700,2700,2700,2700,,,,
              - C5,0,
              > C5,PPR3000,3000,3000,3000,,,,
F 11:59:29    - C5,0,
              > C5,PVL0,0,0,0,,,,
              - C5,0,
              > C5,PPA0,0,0,0,,,,
F 11:59:30    - C5,0,
              > C5,PVL1,1,1,1,,,,
              - C5,0,
              > C5,SEP5400,5400,5400,5400,,,,
              - C5,0,
              > C5,SPP2700,2700,2700,2700,,,,
              - C5,0,
              > C5,PPR3000,3000,3000,3000,,,,
F 11:59:32    - C5,0,
              > C5,PVL0,0,0,0,,,,
              - C5,0,
              > C5,PPA0,0,0,0,,,,
F 11:59:33    - C5,0,
              > C5,PVL1,1,1,1,,,,
F 11:59:34    - C5,0,
              > C5,SEP5400,5400,5400,5400,,,,
              - C5,0,
              > C5,SPP2700,2700,2700,2700,,,,
              - C5,0,
              > C5,PPR3000,3000,3000,3000,,,,
F 11:59:35    - C5,0,
              > C5,PVL0,0,0,0,,,,
              - C5,0,
              > C5,PPA0,0,0,0,,,,
F 11:59:37    - C5,0,
              > C5,PVL1,1,1,1,,,,
              - C5,0,
              > C5,SEP5400,5400,5400,5400,,,,
              - C5,0,
              > C5,SPP2700,2700,2700,2700,,,,
              - C5,0,
              > C5,PPR3000,3000,3000,3000,,,,
F 11:59:38    - C5,0,
              > C5,PVL0,0,0,0,,,,
F 11:59:39    - C5,0,
              > C5,PPA0,0,0,0,,,,
F 11:59:40    - C5,0,
              > C5,PVL1,1,1,1,,,,
              - C5,0,
              > C5,SEP5400,5400,5400,5400,,,,
              - C5,0,
              > C5,SPP2700,2700,2700,2700,,,,
              - C5,0,
              > C5,PPR3000,3000,3000,3000,,,,
F 11:59:42    - C5,0,
              > C5,PVL0,0,0,0,,,,
              - C5,0,
              > C5,PPA0,0,0,0,,,,
F 11:59:43    - C5,0,
              > C5,PVL1,1,1,1,,,,
F 11:59:44    - C5,0,
              > C5,SEP5400,5400,5400,5400,,,,
              - C5,0,
              > C5,SPP2700,2700,2700,2700,,,,
              - C5,0,
              > C5,PPR3000,3000,3000,3000,,,,
F 11:59:45    - C5,0,
              > C5,PVL0,0,0,0,,,,
              - C5,0,
              > C5,PPA0,0,0,0,,,,
F 11:59:47    - C5,0,
              > C5,PVL1,1,1,1,,,,
              - C5,0,
              > C5,SEP5400,5400,5400,5400,,,,
              - C5,0,
              > C5,SPP2700,2700,2700,2700,,,,
              - C5,0,
              > C5,PPR3000,3000,3000,3000,,,,
F 11:59:48    - C5,0,
              > C5,PVL0,0,0,0,,,,
F 11:59:49    - C5,0,
              > C5,PPA0,0,0,0,,,,
F 11:59:50    - C5,0,
              > C5,PVL1,1,1,1,,,,
              - C5,0,
              > C5,SEP5400,5400,5400,5400,,,,
              - C5,0,
              > C5,SPP2700,2700,2700,2700,,,,
              - C5,0,
              > C5,PPR3000,3000,3000,3000,,,,
F 11:59:52    - C5,0,
              > C5,PVL0,0,0,0,,,,
              - C5,0,
              > C5,PPA0,0,0,0,,,,
F 11:59:53    - C5,0,
              > C5,PVL1,1,1,1,,,,
F 11:59:54    - C5,0,
              > C5,SEP5400,5400,5400,5400,,,,
              - C5,0,
              > C5,SPP2700,2700,2700,2700,,,,
              - C5,0,
              > C5,PPR3000,3000,3000,3000,,,,
F 11:59:55    - C5,0,
              > C5,PVL0,0,0,0,,,,
              - C5,0,
              > C5,PPA0,0,0,0,,,,
F 11:59:57    - C5,0,
              > C5,PVL1,1,1,1,,,,
              - C5,0,
              > C5,SEP5400,5400,5400,5400,,,,
              - C5,0,
              > C5,SPP2700,2700,2700,2700,,,,
              - C5,0,
              > C5,PPR3000,3000,3000,3000,,,,
F 11:59:58    - C5,0,
              > C5,PVL0,0,0,0,,,,
F 11:59:59    - C5,0,
              > C5,PPA0,0,0,0,,,,
F 12:00:00    - C5,0,
              > C5,PVL1,1,1,1,,,,
              - C5,0,
              > C5,SEP5400,5400,5400,5400,,,,
              - C5,0,
              > C5,SPP2700,2700,2700,2700,,,,
              - C5,0,
              > C5,PPR3000,3000,3000,3000,,,,
F 12:00:02    - C5,0,
              > C5,PVL0,0,0,0,,,,
              - C5,0,
              > C5,PPA0,0,0,0,,,,
F 12:00:03    - C5,0,
              > C5,PVL1,1,1,1,,,,
F 12:00:04    - C5,0,
              > C5,SEP5400,5400,5400,5400,,,,
              - C5,0,
              > C5,SPP2700,2700,2700,2700,,,,
              - C5,0,
              > C5,PPR3000,3000,3000,3000,,,,
F 12:00:05    - C5,0,
              > C5,PVL0,0,0,0,,,,
              - C5,0,
              > C5,PPA0,0,0,0,,,,
F 12:00:07    - C5,0,
              > C5,PVL1,1,1,1,,,,
              - C5,0,
              > C5,SEP5400,5400,5400,5400,,,,
              - C5,0,
              > C5,SPP2700,2700,2700,2700,,,,
              - C5,0,
              > C5,PPR3000,3000,3000,3000,,,,
F 12:00:08    - C5,0,
              > C5,PVL0,0,0,0,,,,
F 12:00:09    - C5,0,
              > C5,PPA0,0,0,0,,,,
F 12:00:10    - C5,0,
              > C5,PVL1,1,1,1,,,,
              - C5,0,
              > C5,SEP5400,5400,5400,5400,,,,
              - C5,0,
              > C5,SPP2700,2700,2700,2700,,,,
              - C5,0,
              > C5,PPR3000,3000,3000,3000,,,,
F 12:00:12    - C5,0,
              > C5,PVL0,0,0,0,,,,
              - C5,0,
              > C5,PPA0,0,0,0,,,,
F 12:00:13    - C5,0,
              > C5,PVL1,1,1,1,,,,
F 12:00:14    - C5,0,
              > C5,SEP5400,5400,5400,5400,,,,
              - C5,0,
              > C5,SPP2700,2700,2700,2700,,,,
              - C5,0,
              > C5,PPR3000,3000,3000,3000,,,,
F 12:00:15    - C5,0,
              > C5,PVL0,0,0,0,,,,
              - C5,0,
              > C5,PPA0,0,0,0,,,,
F 12:00:17    - C5,0,
              > C5,PVL1,1,1,1,,,,
              - C5,0,
              > C5,SEP5400,5400,5400,5400,,,,
              - C5,0,
              > C5,SPP2700,2700,2700,2700,,,,
              - C5,0,
              > C5,PPR3000,3000,3000,3000,,,,
F 12:00:18    - C5,0,
              > C5,PVL0,0,0,0,,,,
F 12:00:19    - C5,0,
              > C5,PPA0,0,0,0,,,,
F 12:00:20    - C5,0,
              > C5,PVL1,1,1,1,,,,
              - C5,0,
              > C5,SEP5400,5400,5400,5400,,,,
              - C5,0,
              > C5,SPP2700,2700,2700,2700,,,,
              - C5,0,
              > C5,PPR3000,3000,3000,3000,,,,
F 12:00:22    - C5,0,
              > C5,PVL0,0,0,0,,,,
              - C5,0,
              > C5,PPA0,0,0,0,,,,
F 12:00:23    - C5,0,
              > C5,PVL1,1,1,1,,,,
F 12:00:24    - C5,0,
              > C5,SEP5400,5400,5400,5400,,,,
              - C5,0,
              > C5,SPP2700,2700,2700,2700,,,,
              - C5,0,
              > C5,PPR3000,3000,3000,3000,,,,
F 12:00:25    - C5,0,
              > C5,PVL0,0,0,0,,,,
              - C5,0,
              > C5,PPA0,0,0,0,,,,
F 12:00:27    - C5,0,
              > C5,PVL1,1,1,1,,,,
              - C5,0,
              > C5,SEP5400,5400,5400,5400,,,,
              - C5,0,
              > C5,SPP2700,2700,2700,2700,,,,
              - C5,0,
              > C5,PPR3000,3000,3000,3000,,,,
F 12:00:28    - C5,0,
              > C5,PVL0,0,0,0,,,,
F 12:00:29    - C5,0,
              > C5,PPA0,0,0,0,,,,
F 12:00:30    - C5,0,
              > C5,PVL1,1,1,1,,,,
              - C5,0,
              > C5,SEP5400,5400,5400,5400,,,,
              - C5,0,
              > C5,SPP2700,2700,2700,2700,,,,
              - C5,0,
              > C5,PPR3000,3000,3000,3000,,,,
F 12:00:32    - C5,0,
              > C5,PVL0,0,0,0,,,,
              - C5,0,
              > C5,PPA0,0,0,0,,,,
F 12:00:33    - C5,0,
              > C5,PVL1,1,1,1,,,,
F 12:00:34    - C5,0,
              > C5,SEP5400,5400,5400,5400,,,,
              - C5,0,
              > C5,SPP2700,2700,2700,2700,,,,
              - C5,0,
              > C5,PPR3000,3000,3000,3000,,,,
F 12:00:35    - C5,0,
              > C5,PVL0,0,0,0,,,,
              - C5,0,
              > C5,PPA0,0,0,0,,,,
F 12:00:37    - C5,0,
              > C5,PVL1,1,1,1,,,,
              - C5,0,
              > C5,SEP5400,5400,5400,5400,,,,
              - C5,0,
              > C5,SPP2700,2700,2700,2700,,,,
              - C5,0,
              > C5,PPR3000,3000,3000,3000,,,,
F 12:00:38    - C5,0,
              > C5,PVL0,0,0,0,,,,
F 12:00:39    - C5,0,
              > C5,PPA0,0,0,0,,,,
F 12:00:40    - C5,0,
              > C5,PVL1,1,1,1,,,,
              - C5,0,
              > C5,SEP5400,5400,5400,5400,,,,
              - C5,0,
              > C5,SPP2700,2700,2700,2700,,,,
              - C5,0,
              > C5,PPR3000,3000,3000,3000,,,,
F 12:00:42    - C5,0,
              > C5,PVL0,0,0,0,,,,
              - C5,0,
              > C5,PPA0,0,0,0,,,,
F 12:00:43    - C5,0,
              > C5,PVL1,1,1,1,,,,
              - C5,0,
              > C5,SEP5400,5400,5400,5400,,,,
F 12:00:44    - C5,0,
              > C5,SPP2700,2700,2700,2700,,,,
              - C5,0,
              > C5,PPR3000,3000,3000,3000,,,,
F 12:00:45    - C5,0,
              > C5,PVL0,0,0,0,,,,
              - C5,0,
              > C5,PPA0,0,0,0,,,,
F 12:00:47    - C5,0,
              > C5,PVL1,1,1,1,,,,
              - C5,0,
              > C5,SEP5400,5400,5400,5400,,,,
              - C5,0,
              > C5,SPP2700,2700,2700,2700,,,,
              - C5,0,
              > C5,PPR3000,3000,3000,3000,,,,
F 12:00:48    - C5,0,
              > C5,PVL0,0,0,0,,,,
F 12:00:49    - C5,0,
              > C5,PPA0,0,0,0,,,,
F 12:00:50    - C5,0,
              > C5,PVL1,1,1,1,,,,
              - C5,0,
              > C5,SEP5400,5400,5400,5400,,,,
              - C5,0,
              > C5,SPP2700,2700,2700,2700,,,,
              - C5,0,
              > C5,PPR3000,3000,3000,3000,,,,
F 12:00:52    - C5,0,
              > C5,PVL0,0,0,0,,,,
              - C5,0,
              > C5,PPA0,0,0,0,,,,
F 12:00:53    - C5,0,
              > C5,RPX0
              - C5,0,45
              > C5,SHZ2100,2100,2100,2100,2100,2100,2100,2100
              - C5,0,
              > C5,RPX0
              - C5,0,45
              > C6,RPZ0
              - C6,0,1201,1203,1201,1204,2100,2100,2100,2100
              > C5,SHZ2100,2100,2100,2100,2100,2100,2100,2100
              - C5,0,
              > C5,RPX0
              - C5,0,45
              > C5,RPY0
              - C5,0,1031,90
              > C5,SSM1
              - C5,0,
              > C5,PAA49,1915,90,1141,1143,1141,1144,,,,
F 12:00:55    - C5,0,
              > C5,SSM0
              - C5,0,
              > C6,RPX0
              - C6,0,50
              > C6,RPY0
              - C6,0,1915,90
              > C5,PVL1,1,1,1,,,,
              - C5,0,
              > C5,SEP5400,5400,5400,5400,,,,
              - C5,0,
              > C5,SPP2700,2700,2700,2700,,,,
              - C5,0,
              > C5,PPR3000,3000,3000,3000,,,,
F 12:00:57    - C5,0,
              > C5,PVL0,0,0,0,,,,
              - C5,0,
              > C5,PPA0,0,0,0,,,,
F 12:00:58    - C5,0,
              > C5,PVL1,1,1,1,,,,
F 12:00:59    - C5,0,
              > C5,SEP5400,5400,5400,5400,,,,
              - C5,0,
              > C5,SPP2700,2700,2700,2700,,,,
              - C5,0,
              > C5,PPR3000,3000,3000,3000,,,,
F 12:01:00    - C5,0,
              > C5,PVL0,0,0,0,,,,
              - C5,0,
              > C5,PPA0,0,0,0,,,,
F 12:01:02    - C5,0,
              > C5,PVL1,1,1,1,,,,
              - C5,0,
              > C5,SEP5400,5400,5400,5400,,,,
              - C5,0,
              > C5,SPP2700,2700,2700,2700,,,,
              - C5,0,
              > C5,PPR3000,3000,3000,3000,,,,
F 12:01:03    - C5,0,
              > C5,PVL0,0,0,0,,,,
F 12:01:04    - C5,0,
              > C5,PPA0,0,0,0,,,,
F 12:01:05    - C5,0,
              > C5,PVL1,1,1,1,,,,
              - C5,0,
              > C5,SEP5400,5400,5400,5400,,,,
              - C5,0,
              > C5,SPP2700,2700,2700,2700,,,,
              - C5,0,
              > C5,PPR3000,3000,3000,3000,,,,
F 12:01:07    - C5,0,
              > C5,PVL0,0,0,0,,,,
              - C5,0,
              > C5,PPA0,0,0,0,,,,
F 12:01:08    - C5,0,
              > C5,MAZ1521,1523,1521,1524,,,,,300
F 12:01:10    - C5,0,

E 12:01:10  0 Aspirate Airgap
F 12:01:10  0 > C5,SEP420,420,420,420,,,,
              - C5,0,
              > C5,PPR30,30,30,30,,,,
              - C5,0,


E 12:01:10  0 Line    4 : Wash Tips
              wash (1.5ml + 0.1ml), grid 1 and grid 1
F 12:01:10  0 > C2,RPX0
              - C2,0,8500
              > C2,RPR0
              - C2,0,900
              > C5,SSM1
              - C5,0,
              > C5,RPX0
              - C5,0,49
              > C5,SHZ2100,2100,2100,2100,2100,2100,2100,2100
              - C5,0,
              > C5,SSM1
              - C5,0,
              > C5,RPX0
              - C5,0,49
              > C5,RPY0
              - C5,0,1915,90
              > C5,SSM1
              - C5,0,
              > C5,SHZ2100,2100,2100,2100,2100,2100,2100,2100
              - C5,0,
              > C5,PAA45,1031,90,,,,,544,549,545,547
F 12:01:12    - C5,0,
              > C5,SSM0
              - C5,0,
              > C6,RPX0
              - C6,0,45
              > C6,RPY0
              - C6,0,1031,90
              > C6,RPX0
              - C6,0,45
              > C6,RPY0
              - C6,0,1031,90
              > C5,PVL,,,,0,0,0,0
              - C5,0,
              > C5,SEP,,,,5400,5400,5400,5400
              - C5,0,
              > C5,SPP,,,,2700,2700,2700,2700
              - C5,0,
              > C5,PPA,,,,0,0,0,0
              - C5,0,
              > C5,PVL,,,,1,1,1,1
F 12:01:13    - C5,0,
              > C5,SEP,,,,5400,5400,5400,5400
              - C5,0,
              > C5,SPP,,,,2700,2700,2700,2700
              - C5,0,
              > C5,PPR,,,,3000,3000,3000,3000
F 12:01:14    - C5,0,
              > C5,PVL,,,,0,0,0,0
              - C5,0,
              > C5,PPA,,,,0,0,0,0
F 12:01:16    - C5,0,
              > C5,PVL,,,,1,1,1,1
              - C5,0,
              > C5,SEP,,,,5400,5400,5400,5400
              - C5,0,
              > C5,SPP,,,,2700,2700,2700,2700
              - C5,0,
              > C5,PPR,,,,3000,3000,3000,3000
F 12:01:17    - C5,0,
              > C5,PVL,,,,0,0,0,0
F 12:01:18    - C5,0,
              > C5,PPA,,,,0,0,0,0
F 12:01:19    - C5,0,
              > C5,PVL,,,,1,1,1,1
              - C5,0,
              > C5,SEP,,,,5400,5400,5400,5400
              - C5,0,
              > C5,SPP,,,,2700,2700,2700,2700
              - C5,0,
              > C5,PPR,,,,3000,3000,3000,3000
F 12:01:21    - C5,0,
              > C5,PVL,,,,0,0,0,0
              - C5,0,
              > C5,PPA,,,,0,0,0,0
F 12:01:22    - C5,0,
              > C5,PVL,,,,1,1,1,1
F 12:01:23    - C5,0,
              > C5,SEP,,,,5400,5400,5400,5400
              - C5,0,
              > C5,SPP,,,,2700,2700,2700,2700
              - C5,0,
              > C5,PPR,,,,3000,3000,3000,3000
F 12:01:24    - C5,0,
              > C5,PVL,,,,0,0,0,0
              - C5,0,
              > C5,PPA,,,,0,0,0,0
F 12:01:26    - C5,0,
              > C5,PVL,,,,1,1,1,1
              - C5,0,
              > C5,SEP,,,,5400,5400,5400,5400
              - C5,0,
              > C5,SPP,,,,2700,2700,2700,2700
              - C5,0,
              > C5,PPR,,,,3000,3000,3000,3000
F 12:01:27    - C5,0,
              > C5,PVL,,,,0,0,0,0
F 12:01:28    - C5,0,
              > C5,PPA,,,,0,0,0,0
F 12:01:29    - C5,0,
              > C5,PVL,,,,1,1,1,1
              - C5,0,
              > C5,SEP,,,,5400,5400,5400,5400
              - C5,0,
              > C5,SPP,,,,2700,2700,2700,2700
              - C5,0,
              > C5,PPR,,,,3000,3000,3000,3000
F 12:01:31    - C5,0,
              > C5,PVL,,,,0,0,0,0
              - C5,0,
              > C5,PPA,,,,0,0,0,0
F 12:01:32    - C5,0,
              > C5,PVL,,,,1,1,1,1
              - C5,0,
              > C5,SEP,,,,5400,5400,5400,5400
              - C5,0,
              > C5,SPP,,,,2700,2700,2700,2700
              - C5,0,
              > C5,PPR,,,,3000,3000,3000,3000
F 12:01:34    - C5,0,
              > C5,PVL,,,,0,0,0,0
              - C5,0,
              > C5,PPA,,,,0,0,0,0
F 12:01:35    - C5,0,
              > C5,PVL,,,,1,1,1,1
F 12:01:36    - C5,0,
              > C5,SEP,,,,5400,5400,5400,5400
              - C5,0,
              > C5,SPP,,,,2700,2700,2700,2700
              - C5,0,
              > C5,PPR,,,,3000,3000,3000,3000
F 12:01:37    - C5,0,
              > C5,PVL,,,,0,0,0,0
              - C5,0,
              > C5,PPA,,,,0,0,0,0
F 12:01:39    - C5,0,
              > C5,PVL,,,,1,1,1,1
              - C5,0,
              > C5,SEP,,,,5400,5400,5400,5400
              - C5,0,
              > C5,SPP,,,,2700,2700,2700,2700
              - C5,0,
              > C5,PPR,,,,3000,3000,3000,3000
F 12:01:40    - C5,0,
              > C5,PVL,,,,0,0,0,0
F 12:01:41    - C5,0,
              > C5,PPA,,,,0,0,0,0
F 12:01:42    - C5,0,
              > C5,PVL,,,,1,1,1,1
              - C5,0,
              > C5,SEP,,,,5400,5400,5400,5400
              - C5,0,
              > C5,SPP,,,,2700,2700,2700,2700
              - C5,0,
              > C5,PPR,,,,3000,3000,3000,3000
F 12:01:44    - C5,0,
              > C5,PVL,,,,0,0,0,0
              - C5,0,
              > C5,PPA,,,,0,0,0,0
F 12:01:45    - C5,0,
              > C5,PVL,,,,1,1,1,1
F 12:01:46    - C5,0,
              > C5,SEP,,,,5400,5400,5400,5400
              - C5,0,
              > C5,SPP,,,,2700,2700,2700,2700
              - C5,0,
              > C5,PPR,,,,3000,3000,3000,3000
F 12:01:47    - C5,0,
              > C5,PVL,,,,0,0,0,0
              - C5,0,
              > C5,PPA,,,,0,0,0,0
F 12:01:49    - C5,0,
              > C5,PVL,,,,1,1,1,1
              - C5,0,
              > C5,SEP,,,,5400,5400,5400,5400
              - C5,0,
              > C5,SPP,,,,2700,2700,2700,2700
              - C5,0,
              > C5,PPR,,,,3000,3000,3000,3000
F 12:01:50    - C5,0,
              > C5,PVL,,,,0,0,0,0
F 12:01:51    - C5,0,
              > C5,PPA,,,,0,0,0,0
F 12:01:52    - C5,0,
              > C5,PVL,,,,1,1,1,1
              - C5,0,
              > C5,SEP,,,,5400,5400,5400,5400
              - C5,0,
              > C5,SPP,,,,2700,2700,2700,2700
              - C5,0,
              > C5,PPR,,,,3000,3000,3000,3000
F 12:01:54    - C5,0,
              > C5,PVL,,,,0,0,0,0
              - C5,0,
              > C5,PPA,,,,0,0,0,0
F 12:01:55    - C5,0,
              > C5,PVL,,,,1,1,1,1
F 12:01:56    - C5,0,
              > C5,SEP,,,,5400,5400,5400,5400
              - C5,0,
              > C5,SPP,,,,2700,2700,2700,2700
              - C5,0,
              > C5,PPR,,,,3000,3000,3000,3000
F 12:01:57    - C5,0,
              > C5,PVL,,,,0,0,0,0
              - C5,0,
              > C5,PPA,,,,0,0,0,0
F 12:01:59    - C5,0,
              > C5,PVL,,,,1,1,1,1
              - C5,0,
              > C5,SEP,,,,5400,5400,5400,5400
              - C5,0,
              > C5,SPP,,,,2700,2700,2700,2700
              - C5,0,
              > C5,PPR,,,,3000,3000,3000,3000
F 12:02:00    - C5,0,
              > C5,PVL,,,,0,0,0,0
F 12:02:01    - C5,0,
              > C5,PPA,,,,0,0,0,0
F 12:02:02    - C5,0,
              > C5,PVL,,,,1,1,1,1
              - C5,0,
              > C5,SEP,,,,5400,5400,5400,5400
              - C5,0,
              > C5,SPP,,,,2700,2700,2700,2700
              - C5,0,
              > C5,PPR,,,,3000,3000,3000,3000
F 12:02:04    - C5,0,
              > C5,PVL,,,,0,0,0,0
              - C5,0,
              > C5,PPA,,,,0,0,0,0
F 12:02:05    - C5,0,
              > C5,PVL,,,,1,1,1,1
              - C5,0,
              > C5,SEP,,,,5400,5400,5400,5400
              - C5,0,
              > C5,SPP,,,,2700,2700,2700,2700
F 12:02:06    - C5,0,
              > C5,PPR,,,,3000,3000,3000,3000
F 12:02:07    - C5,0,
              > C5,PVL,,,,0,0,0,0
              - C5,0,
              > C5,PPA,,,,0,0,0,0
F 12:02:08    - C5,0,
              > C5,PVL,,,,1,1,1,1
F 12:02:09    - C5,0,
              > C5,SEP,,,,5400,5400,5400,5400
              - C5,0,
              > C5,SPP,,,,2700,2700,2700,2700
              - C5,0,
              > C5,PPR,,,,3000,3000,3000,3000
F 12:02:10    - C5,0,
              > C5,PVL,,,,0,0,0,0
              - C5,0,
              > C5,PPA,,,,0,0,0,0
F 12:02:12    - C5,0,
              > C5,PVL,,,,1,1,1,1
              - C5,0,
              > C5,SEP,,,,5400,5400,5400,5400
              - C5,0,
              > C5,SPP,,,,2700,2700,2700,2700
              - C5,0,
              > C5,PPR,,,,3000,3000,3000,3000
F 12:02:13    - C5,0,
              > C5,PVL,,,,0,0,0,0
F 12:02:14    - C5,0,
              > C5,PPA,,,,0,0,0,0
F 12:02:15    - C5,0,
              > C5,PVL,,,,1,1,1,1
              - C5,0,
              > C5,SEP,,,,5400,5400,5400,5400
              - C5,0,
              > C5,SPP,,,,2700,2700,2700,2700
              - C5,0,
              > C5,PPR,,,,3000,3000,3000,3000
F 12:02:17    - C5,0,
              > C5,PVL,,,,0,0,0,0
              - C5,0,
              > C5,PPA,,,,0,0,0,0
F 12:02:18    - C5,0,
              > C5,PVL,,,,1,1,1,1
F 12:02:19    - C5,0,
              > C5,SEP,,,,5400,5400,5400,5400
              - C5,0,
              > C5,SPP,,,,2700,2700,2700,2700
              - C5,0,
              > C5,PPR,,,,3000,3000,3000,3000
F 12:02:20    - C5,0,
              > C5,PVL,,,,0,0,0,0
              - C5,0,
              > C5,PPA,,,,0,0,0,0
F 12:02:22    - C5,0,
              > C5,PVL,,,,1,1,1,1
              - C5,0,
              > C5,SEP,,,,5400,5400,5400,5400
              - C5,0,
              > C5,SPP,,,,2700,2700,2700,2700
              - C5,0,
              > C5,PPR,,,,3000,3000,3000,3000
F 12:02:23    - C5,0,
              > C5,PVL,,,,0,0,0,0
F 12:02:24    - C5,0,
              > C5,PPA,,,,0,0,0,0
F 12:02:25    - C5,0,
              > C5,PVL,,,,1,1,1,1
              - C5,0,
              > C5,SEP,,,,5400,5400,5400,5400
              - C5,0,
              > C5,SPP,,,,2700,2700,2700,2700
              - C5,0,
              > C5,PPR,,,,3000,3000,3000,3000
F 12:02:27    - C5,0,
              > C5,PVL,,,,0,0,0,0
              - C5,0,
              > C5,PPA,,,,0,0,0,0
F 12:02:28    - C5,0,
              > C5,PVL,,,,1,1,1,1
F 12:02:29    - C5,0,
              > C5,SEP,,,,5400,5400,5400,5400
              - C5,0,
              > C5,SPP,,,,2700,2700,2700,2700
              - C5,0,
              > C5,PPR,,,,3000,3000,3000,3000
F 12:02:30    - C5,0,
              > C5,PVL,,,,0,0,0,0
              - C5,0,
              > C5,PPA,,,,0,0,0,0
F 12:02:32    - C5,0,
              > C5,PVL,,,,1,1,1,1
              - C5,0,
              > C5,SEP,,,,5400,5400,5400,5400
              - C5,0,
              > C5,SPP,,,,2700,2700,2700,2700
              - C5,0,
              > C5,PPR,,,,3000,3000,3000,3000
F 12:02:33    - C5,0,
              > C5,PVL,,,,0,0,0,0
F 12:02:34    - C5,0,
              > C5,PPA,,,,0,0,0,0
F 12:02:35    - C5,0,
              > C5,PVL,,,,1,1,1,1
              - C5,0,
              > C5,SEP,,,,5400,5400,5400,5400
              - C5,0,
              > C5,SPP,,,,2700,2700,2700,2700
              - C5,0,
              > C5,PPR,,,,3000,3000,3000,3000
F 12:02:37    - C5,0,
              > C5,PVL,,,,0,0,0,0
              - C5,0,
              > C5,PPA,,,,0,0,0,0
F 12:02:38    - C5,0,
              > C5,PVL,,,,1,1,1,1
F 12:02:39    - C5,0,
              > C5,SEP,,,,5400,5400,5400,5400
              - C5,0,
              > C5,SPP,,,,2700,2700,2700,2700
              - C5,0,
              > C5,PPR,,,,3000,3000,3000,3000
F 12:02:40    - C5,0,
              > C5,PVL,,,,0,0,0,0
              - C5,0,
              > C5,PPA,,,,0,0,0,0
F 12:02:42    - C5,0,
              > C5,PVL,,,,1,1,1,1
              - C5,0,
              > C5,SEP,,,,5400,5400,5400,5400
              - C5,0,
              > C5,SPP,,,,2700,2700,2700,2700
              - C5,0,
              > C5,PPR,,,,3000,3000,3000,3000
F 12:02:43    - C5,0,
              > C5,PVL,,,,0,0,0,0
F 12:02:44    - C5,0,
              > C5,PPA,,,,0,0,0,0
F 12:02:45    - C5,0,
              > C5,PVL,,,,1,1,1,1
              - C5,0,
              > C5,SEP,,,,5400,5400,5400,5400
              - C5,0,
              > C5,SPP,,,,2700,2700,2700,2700
              - C5,0,
              > C5,PPR,,,,3000,3000,3000,3000
F 12:02:47    - C5,0,
              > C5,PVL,,,,0,0,0,0
              - C5,0,
              > C5,PPA,,,,0,0,0,0
F 12:02:48    - C5,0,
              > C5,PVL,,,,1,1,1,1
              - C5,0,
              > C5,SEP,,,,5400,5400,5400,5400
              - C5,0,
              > C5,SPP,,,,2700,2700,2700,2700
              - C5,0,
              > C5,PPR,,,,3000,3000,3000,3000
F 12:02:50    - C5,0,
              > C5,PVL,,,,0,0,0,0
              - C5,0,
              > C5,PPA,,,,0,0,0,0
F 12:02:51    - C5,0,
              > C5,RPX0
              - C5,0,45
              > C5,SHZ2100,2100,2100,2100,2100,2100,2100,2100
              - C5,0,
              > C5,RPX0
              - C5,0,45
              > C6,RPZ0
F 12:02:52    - C6,0,2100,2100,2100,2100,544,549,545,547
              > C5,SHZ2100,2100,2100,2100,2100,2100,2100,2100
              - C5,0,
              > C5,RPX0
              - C5,0,45
              > C5,RPY0
              - C5,0,1031,90
              > C5,SSM1
              - C5,0,
              > C5,PAA49,1915,90,,,,,484,489,485,487
F 12:02:54    - C5,0,
              > C5,SSM0
              - C5,0,
              > C6,RPX0
              - C6,0,49
              > C6,RPY0
              - C6,0,1915,90
              > C5,PVL,,,,1,1,1,1
              - C5,0,
              > C5,SEP,,,,5400,5400,5400,5400
              - C5,0,
              > C5,SPP,,,,2700,2700,2700,2700
              - C5,0,
              > C5,PPR,,,,3000,3000,3000,3000
F 12:02:55    - C5,0,
              > C5,PVL,,,,0,0,0,0
F 12:02:56    - C5,0,
              > C5,PPA,,,,0,0,0,0
F 12:02:57    - C5,0,
              > C5,PVL,,,,1,1,1,1
              - C5,0,
              > C5,SEP,,,,5400,5400,5400,5400
              - C5,0,
              > C5,SPP,,,,2700,2700,2700,2700
              - C5,0,
              > C5,PPR,,,,3000,3000,3000,3000
F 12:02:59    - C5,0,
              > C5,PVL,,,,0,0,0,0
              - C5,0,
              > C5,PPA,,,,0,0,0,0
F 12:03:00    - C5,0,
              > C5,MAZ,,,,864,869,865,867,300
F 12:03:02    - C5,0,

E 12:03:02  0 Aspirate Airgap
F 12:03:02  0 > C5,SEP,,,,5400,5400,5400,5400
              - C5,0,
              > C5,PPR,,,,600,600,600,600
              - C5,0,

              > O1,ALO1,1
F 12:03:03    - O1,0,
              > O1,ALO2,1
              - O1,0,
              > O1,RSL2
              - O1,0,0
              > O1,SSL1,1
              - O1,0,
              > O1,ALO1,0
              - O1,0,
              > O1,ALO2,0
              - O1,0,
              > O1,RSL1
              - O1,0,1
              > O1,SSL1,0
              - O1,0,
              > O1,RSL2
              - O1,0,0
              > O1,SPS0
              - O1,0,
F 12:07:52    > O1,RSL1
              - O1,0,0
              > O1,RSL2
              - O1,0,0
B 12:54:47    Edit Labware: D-BSSE 384 Well Plate Transp
F 12:54:47    > C6,RPY0
              > C5,PAZ2100,,,,,,,
              - C6,0,1915,90
              > C6,RPZ0
              - C5,0,
              - C6,0,2100,2100,2100,2100,864,869,865,867
              > C2,RPX0
              - C2,0,8500
              > C6,RPX0
              - C6,0,49
              > C4,RPX0
              - C4,0,15995
              > C2,RPX0
              - C2,0,8500
              > C6,RPX0
              - C6,0,49
              > C6,RPY0
              > C6,RPZ0
              - C6,0,1915,90
              - C6,0,2100,2100,2100,2100,864,869,865,867
              > C2,RPX0
              - C2,0,8500
              > C6,RPX0
              - C6,0,49
              > C4,RPX0
              - C4,0,15995
              > C2,RPX0
              - C2,0,8500
              > C6,RPX0
              - C6,0,49
              > C6,RPY0
              > C6,RPZ0
              - C6,0,1915,90
              - C6,0,2100,2100,2100,2100,864,869,865,867
              > C2,RPX0
              > C6,RPX0
              - C2,0,8500
              > C4,RPX0
              - C6,0,49
              > C2,RPX0
              - C4,0,15995
              > C6,RPX0
              - C2,0,8500
              > C6,RPY0
              - C6,0,49
              > C6,RPZ0
              - C6,0,1915,90
              > C2,RPX0
              - C6,0,2100,2100,2100,2100,864,869,865,867
              > C6,RPX0
              - C2,0,8500
              > C4,RPX0
              - C6,0,49
              > C2,RPX0
              - C4,0,15995
              > C6,RPX0
              - C2,0,8500
              > C6,RPY0
              - C6,0,49
              > C6,RPZ0
              - C6,0,1915,90
              - C6,0,2100,2100,2100,2100,864,869,865,867
F 12:55:12    > C2,RPX0
              - C2,0,8500
              > C6,RPX0
              - C6,0,49
              > C4,RPX0
              - C4,0,15995
              > C2,RPX0
              - C2,0,8500
              > C6,RPX0
              - C6,0,49
              > C6,RPY0
              - C6,0,1915,90
              > C6,RPZ0
              - C6,0,2100,2100,2100,2100,864,869,865,867
F 12:55:54    > C5,PRZ1,,,,,,,
              - C5,0,
              > C5,PRZ1,,,,,,,
              - C5,0,
              > C6,RPZ0
              - C6,0,2102,2100,2100,2100,864,869,865,867
              > C5,PRZ1,,,,,,,
              - C5,0,
              > C6,RPZ0
              - C6,0,2103,2100,2100,2100,864,869,865,867
              > C5,PRZ1,,,,,,,
              - C5,0,
              > C6,RPZ0
              - C6,0,2104,2100,2100,2100,864,869,865,867
              > C5,PRZ1,,,,,,,
              - C5,0,
              > C6,RPZ0
              - C6,0,2105,2100,2100,2100,864,869,865,867
              > C5,PRZ1,,,,,,,
              - C5,0,
              > C6,RPZ0
              - C6,0,2106,2100,2100,2100,864,869,865,867
F 12:55:55    > C5,PRZ1,,,,,,,
              - C5,0,
              > C6,RPZ0
              - C6,0,2107,2100,2100,2100,864,869,865,867
              > C5,PRZ1,,,,,,,
              - C5,0,
              > C6,RPZ0
              - C6,0,2108,2100,2100,2100,864,869,865,867
              > C5,PRZ1,,,,,,,
              - C5,0,
              > C6,RPZ0
              - C6,0,2109,2100,2100,2100,864,869,865,867
              > C5,PRZ1,,,,,,,
              - C5,0,
              > C6,RPZ0
              - C6,0,2110,2100,2100,2100,864,869,865,867
              > C5,PRZ1,,,,,,,
              - C5,0,
              > C6,RPZ0
              - C6,0,2111,2100,2100,2100,864,869,865,867
              > C5,PRZ1,,,,,,,
              - C5,0,
              > C6,RPZ0
              - C6,0,2112,2100,2100,2100,864,869,865,867
              > C5,PRZ1,,,,,,,
              - C5,0,
              > C6,RPZ0
              - C6,0,2113,2100,2100,2100,864,869,865,867
              > C5,PRZ1,,,,,,,
              - C5,0,
              > C6,RPZ0
F 12:55:56    - C6,0,2114,2100,2100,2100,864,869,865,867
              > C5,PRZ1,,,,,,,
              - C5,0,
              > C6,RPZ0
              - C6,0,2115,2100,2100,2100,864,869,865,867
              > C5,PRZ1,,,,,,,
              - C5,0,
              > C6,RPZ0
              - C6,0,2116,2100,2100,2100,864,869,865,867
              > C5,PRZ1,,,,,,,
              - C5,0,
              > C6,RPZ0
              - C6,0,2117,2100,2100,2100,864,869,865,867
              > C5,PRZ1,,,,,,,
              - C5,0,
              > C6,RPZ0
              - C6,0,2118,2100,2100,2100,864,869,865,867
              > C5,PRZ1,,,,,,,
              - C5,0,
              > C6,RPZ0
              - C6,0,2119,2100,2100,2100,864,869,865,867
              > C5,PRZ1,,,,,,,
              - C5,0,
              > C6,RPZ0
              - C6,0,2120,2100,2100,2100,864,869,865,867
              > C5,PRZ1,,,,,,,
              - C5,0,
              > C6,RPZ0
              - C6,0,2121,2100,2100,2100,864,869,865,867
              > C5,PRZ1,,,,,,,
F 12:55:57    - C5,0,
              > C6,RPZ0
              - C6,0,2122,2100,2100,2100,864,869,865,867
              > C6,RPZ0
              - C6,0,2122,2100,2100,2100,864,869,865,867
F 12:55:58    > C5,PRZ1,,,,,,,
              - C5,0,
              > C5,PRZ1,,,,,,,
              - C5,0,
              > C6,RPZ0
              - C6,0,2124,2100,2100,2100,864,869,865,867
              > C5,PRZ1,,,,,,,
F 12:55:59    - C5,0,
              > C6,RPZ0
              - C6,0,2125,2100,2100,2100,864,869,865,867
              > C5,PRZ1,,,,,,,
              - C5,0,
              > C6,RPZ0
              - C6,0,2126,2100,2100,2100,864,869,865,867
              > C5,PRZ1,,,,,,,
              - C5,0,
              > C6,RPZ0
              - C6,0,2127,2100,2100,2100,864,869,865,867
              > C5,PRZ1,,,,,,,
              - C5,0,
              > C6,RPZ0
              - C6,0,2128,2100,2100,2100,864,869,865,867
              > C5,PRZ1,,,,,,,
              - C5,0,
              > C6,RPZ0
              - C6,0,2129,2100,2100,2100,864,869,865,867
              > C5,PRZ1,,,,,,,
              - C5,0,
              > C6,RPZ0
              - C6,0,2130,2100,2100,2100,864,869,865,867
              > C5,PRZ1,,,,,,,
              - C5,0,
              > C6,RPZ0
              - C6,0,2131,2100,2100,2100,864,869,865,867
              > C5,PRZ1,,,,,,,
              - C5,0,
              > C6,RPZ0
              - C6,0,2132,2100,2100,2100,864,869,865,867
              > C5,PRZ1,,,,,,,
F 12:56:00    - C5,0,
              > C6,RPZ0
              - C6,0,2133,2100,2100,2100,864,869,865,867
              > C5,PRZ1,,,,,,,
              - C5,0,
              > C6,RPZ0
              - C6,0,2134,2100,2100,2100,864,869,865,867
              > C5,PRZ1,,,,,,,
              - C5,0,
              > C6,RPZ0
              - C6,0,2135,2100,2100,2100,864,869,865,867
              > C5,PRZ1,,,,,,,
              - C5,0,
              > C6,RPZ0
              - C6,0,2136,2100,2100,2100,864,869,865,867
              > C5,PRZ1,,,,,,,
              - C5,0,
              > C6,RPZ0
              - C6,0,2137,2100,2100,2100,864,869,865,867
              > C5,PRZ1,,,,,,,
              - C5,0,
              > C6,RPZ0
              - C6,0,2138,2100,2100,2100,864,869,865,867
              > C5,PRZ1,,,,,,,
              - C5,0,
              > C6,RPZ0
              - C6,0,2139,2100,2100,2100,864,869,865,867
              > C5,PRZ1,,,,,,,
              - C5,0,
              > C6,RPZ0
F 12:56:01    - C6,0,2140,2100,2100,2100,864,869,865,867
              > C5,PRZ1,,,,,,,
              - C5,0,
              > C6,RPZ0
              - C6,0,2141,2100,2100,2100,864,869,865,867
              > C5,PRZ1,,,,,,,
              - C5,0,
              > C6,RPZ0
              - C6,0,2142,2100,2100,2100,864,869,865,867
              > C5,PRZ1,,,,,,,
              - C5,0,
              > C6,RPZ0
              - C6,0,2143,2100,2100,2100,864,869,865,867
              > C5,PRZ1,,,,,,,
              - C5,0,
              > C6,RPZ0
              - C6,0,2144,2100,2100,2100,864,869,865,867
              > C5,PRZ1,,,,,,,
              - C5,0,
              > C6,RPZ0
              - C6,0,2145,2100,2100,2100,864,869,865,867
              > C5,PRZ1,,,,,,,
              - C5,0,
              > C6,RPZ0
              - C6,0,2146,2100,2100,2100,864,869,865,867
              > C5,PRZ1,,,,,,,
              - C5,0,
              > C6,RPZ0
              - C6,0,2147,2100,2100,2100,864,869,865,867
              > C6,RPZ0
              - C6,0,2147,2100,2100,2100,864,869,865,867
F 12:56:12    > C5,RPZ5
              - C5,0,2100,2100,2100,2100,2100,2100,2100,2100
              > C5,PAZ2100,2100,2100,2100,2100,2100,2100,2100
F 12:56:13    - C5,0,
B 12:56:20    Edit Labware: D-BSSE 384 Well Plate Transp
F 12:56:20    > C6,RPY0
              - C6,0,1915,90
              > C5,PAZ2100,,,,,,,
              - C5,0,
              > C6,RPZ0
              - C6,0,2100,2100,2100,2100,2100,2100,2100,2100
              > C2,RPX0
              - C2,0,8500
              > C6,RPX0
F 12:56:21    - C6,0,49
              > C4,RPX0
              - C4,0,15995
              > C2,RPX0
              - C2,0,8500
              > C6,RPX0
              - C6,0,49
              > C6,RPY0
              - C6,0,1915,90
              > C6,RPZ0
              - C6,0,2100,2100,2100,2100,2100,2100,2100,2100
              > C2,RPX0
              - C2,0,8500
              > C6,RPX0
              - C6,0,49
              > C4,RPX0
              - C4,0,15995
              > C2,RPX0
              - C2,0,8500
              > C6,RPX0
              - C6,0,49
              > C6,RPY0
              - C6,0,1915,90
              > C6,RPZ0
              - C6,0,2100,2100,2100,2100,2100,2100,2100,2100
              > C2,RPX0
              - C2,0,8500
              > C6,RPX0
              - C6,0,49
              > C4,RPX0
              - C4,0,15995
              > C2,RPX0
              - C2,0,8500
              > C6,RPX0
              - C6,0,49
              > C6,RPY0
              - C6,0,1915,90
              > C6,RPZ0
              - C6,0,2100,2100,2100,2100,2100,2100,2100,2100
              > C2,RPX0
              - C2,0,8500
              > C6,RPX0
              - C6,0,49
              > C4,RPX0
              - C4,0,15995
              > C2,RPX0
              - C2,0,8500
              > C6,RPX0
              - C6,0,49
              > C6,RPY0
              - C6,0,1915,90
              > C6,RPZ0
              - C6,0,2100,2100,2100,2100,2100,2100,2100,2100
F 12:56:27    > C5,RPZ12
              - C5,0,2100,2100,2100,2100,2100,2100,2100,2100
              > C5,SHZ2100,2100,2100,2100,2100,2100,2100,2100
              - C5,0,
              > C5,PAZ2100,2100,2100,2100,2100,2100,2100,2100
              - C5,0,
              > C5,RPX0
              - C5,0,49
              > C5,RPY0
              - C5,0,1915,90
              > C2,RPX0
              - C2,0,8500
              > C2,RPR0
              - C2,0,900
              > C5,SSM1
              - C5,0,
              > C5,PAA2352,2018,90
F 12:56:28    - C5,0,
              > C5,SSM0
              - C5,0,
              > C6,RPX0
              - C6,0,2350
              > C6,RPY0
              - C6,0,2018,90
              > C5,PAZ2100,,,,,,,
              - C5,0,
              > C5,SHZ2100,2100,2100,2100,2100,2100,2100,2100
              - C5,0,
              > C6,RPX0
              - C6,0,2351
              > C6,RPY0
              - C6,0,2018,90
              > C2,RPX0
              - C2,0,8500
              > C6,RPX0
              - C6,0,2352
              > C4,RPX0
              - C4,0,15995
              > C2,RPX0
              - C2,0,8500
F 12:56:32    > C5,PAZ1448,,,,,,,
              - C5,0,
              > C6,RPZ0
              - C6,0,1448,2100,2100,2100,2100,2100,2100,2100
F 12:56:42    > C5,RPZ12
              - C5,0,2100,2100,2100,2100,2100,2100,2100,2100
              > C5,SHZ2100,2100,2100,2100,2100,2100,2100,2100
              - C5,0,
              > C5,PAZ2100,2100,2100,2100,2100,2100,2100,2100
F 12:56:43    - C5,0,
              > C5,RPX0
              - C5,0,2352
              > C5,RPY0
              - C5,0,2018,90
              > C2,RPX0
              - C2,0,8500
              > C2,RPR0
              - C2,0,900
              > C5,SSM1
              - C5,0,
              > C5,PAA3385,2694,90
              - C5,0,
              > C5,SSM0
              - C5,0,
              > C6,RPX0
              - C6,0,3384
              > C6,RPY0
              - C6,0,2694,90
              > C5,PAZ1448,,,,,,,
F 12:56:44    - C5,0,
              > C5,SHZ2100,2100,2100,2100,2100,2100,2100,2100
              - C5,0,
              > C6,RPX0
              - C6,0,3385
              > C6,RPY0
              - C6,0,2694,90
              > C2,RPX0
              - C2,0,8500
              > C6,RPX0
              - C6,0,3385
              > C4,RPX0
              - C4,0,15995
              > C2,RPX0
              - C2,0,8500
F 12:56:46    > C5,PAZ1448,,,,,,,
              > C6,RPZ0
              - C5,0,
              - C6,0,1448,2100,2100,2100,2100,2100,2100,2100
F 12:56:47    > C5,PAZ1448,,,,,,,
              > C6,RPZ0
              - C5,0,
F 12:56:48    - C6,0,1448,2100,2100,2100,2100,2100,2100,2100
F 12:56:54    > C5,PAZ1430,,,,,,,
              > C6,RPZ0
              - C5,0,
F 12:56:55    - C6,0,1430,2100,2100,2100,2100,2100,2100,2100
F 12:57:07    > C5,PAZ1319,,,,,,,
              - C5,0,
              > C6,RPZ0
              - C6,0,1319,2100,2100,2100,2100,2100,2100,2100
A 12:58:37    writing configuration file
              reading configuration file
              MCA96: TipOfs=0
              MCA96: TipOfs=0
F 12:58:37    > C5,RPZ5
              - C5,0,2100,2100,2100,2100,2100,2100,2100,2100
              > C5,PAZ2100,2100,2100,2100,2100,2100,2100,2100
F 12:58:38    - C5,0,
B 12:59:30    Edit Labware: D-BSSE 384 Well Plate Transp
F 12:59:30    > C6,RPY0
              - C6,0,2694,90
              > C5,PAZ2100,,,,,,,
              - C5,0,
              > C6,RPZ0
              - C6,0,2100,2100,2100,2100,2100,2100,2100,2100
              > C2,RPX0
              - C2,0,8500
              > C6,RPX0
              - C6,0,3385
              > C4,RPX0
              - C4,0,15995
              > C2,RPX0
              - C2,0,8500
              > C6,RPX0
              - C6,0,3385
              > C6,RPY0
              - C6,0,2694,90
              > C6,RPZ0
              - C6,0,2100,2100,2100,2100,2100,2100,2100,2100
              > C2,RPX0
              - C2,0,8500
              > C6,RPX0
              - C6,0,3385
              > C4,RPX0
              - C4,0,15995
              > C2,RPX0
              - C2,0,8500
              > C6,RPX0
              - C6,0,3385
              > C6,RPY0
              - C6,0,2694,90
              > C6,RPZ0
              - C6,0,2100,2100,2100,2100,2100,2100,2100,2100
              > C2,RPX0
              - C2,0,8500
              > C6,RPX0
              - C6,0,3385
              > C4,RPX0
              - C4,0,15995
              > C2,RPX0
              - C2,0,8500
              > C6,RPX0
              - C6,0,3385
              > C6,RPY0
              - C6,0,2694,90
              > C6,RPZ0
              - C6,0,2100,2100,2100,2100,2100,2100,2100,2100
              > C2,RPX0
              > C6,RPX0
              - C2,0,8500
              > C4,RPX0
              - C6,0,3385
              > C2,RPX0
              - C4,0,15995
              > C6,RPX0
              - C2,0,8500
              > C6,RPY0
              - C6,0,3385
              > C6,RPZ0
              - C6,0,2694,90
              - C6,0,2100,2100,2100,2100,2100,2100,2100,2100
F 12:59:35    > C5,RPZ5
              > C5,PAZ2100,2100,2100,2100,2100,2100,2100,2100
              - C5,0,2100,2100,2100,2100,2100,2100,2100,2100
              - C5,0,
B 13:02:13    Edit Labware: 384 Sqr Flat Trans Greiner
F 13:02:13    > C6,RPY0
              - C6,0,2694,90
              > C5,PAZ2100,,,,,,,
              - C5,0,
              > C6,RPZ0
              - C6,0,2100,2100,2100,2100,2100,2100,2100,2100
              > C2,RPX0
              - C2,0,8500
              > C6,RPX0
              - C6,0,3385
              > C4,RPX0
              - C4,0,15995
              > C2,RPX0
              - C2,0,8500
              > C6,RPX0
              - C6,0,3385
              > C6,RPY0
              - C6,0,2694,90
              > C6,RPZ0
              - C6,0,2100,2100,2100,2100,2100,2100,2100,2100
              > C2,RPX0
              - C2,0,8500
              > C6,RPX0
              - C6,0,3385
              > C4,RPX0
              - C4,0,15995
              > C2,RPX0
              - C2,0,8500
              > C6,RPX0
              - C6,0,3385
              > C6,RPY0
              - C6,0,2694,90
              > C6,RPZ0
              - C6,0,2100,2100,2100,2100,2100,2100,2100,2100
              > C2,RPX0
              - C2,0,8500
              > C6,RPX0
              - C6,0,3385
              > C4,RPX0
              - C4,0,15995
              > C2,RPX0
              - C2,0,8500
              > C6,RPX0
              - C6,0,3385
              > C6,RPY0
              - C6,0,2694,90
              > C6,RPZ0
              - C6,0,2100,2100,2100,2100,2100,2100,2100,2100
              > C2,RPX0
              - C2,0,8500
              > C6,RPX0
              > C4,RPX0
              - C6,0,3385
              > C2,RPX0
              - C4,0,15995
              > C6,RPX0
              - C2,0,8500
              > C6,RPY0
              - C6,0,3385
              > C6,RPZ0
              - C6,0,2694,90
              - C6,0,2100,2100,2100,2100,2100,2100,2100,2100
F 13:02:21    > C5,PAZ1172,,,,,,,
F 13:02:22    * C5,10,
B 13:02:22    displaying instrument-error dialog
F 13:02:22    > C5,REE
              - C5,0,@@@J@@@@@@@
              > C5,RPX0
              - C5,0,3385
              > C5,RPY0
              - C5,0,2694,90
              > C5,RPZ0
              - C5,0,1287,2100,2100,2100,2100,2100,2100,2100
E 13:02:22    Current position of arm C5: X = 3385 / Y = 2694
Current z-position of tip 1: 1287
Current z-position of tip 2: 2100
Current z-position of tip 3: 2100
Current z-position of tip 4: 2100
Current z-position of tip 5: 2100
Current z-position of tip 6: 2100
Current z-position of tip 7: 2100
Current z-position of tip 8: 2100
              EVO_EVO_023_000: Instrument error 10 (EVO_EVO_013_004: arm is collided  ()
Warning: Ignoring errors can lead to incorrect pipetting, including pipetting air, and this run must not be released!), device C5, command PAZ1172,,,,,,,
F 13:02:22    > O1,RSL1
              > O1,SSL2,2
              - O1,0,0
              - O1,0,
C 13:02:36    Are you sure?
D 13:02:38    button Yes has been pressed
              button Abort has been pressed
F 13:02:38    > O1,RSL1
              > O1,RSL2
              - O1,0,0
              - O1,0,2
              > O1,SSL2,0
              - O1,0,
A 13:02:38    activating offline mode
F 13:02:38    > C6,RPZ0
              - C6,0,1287,2100,2100,2100,2100,2100,2100,2100
F 13:03:04    > C5,RPZ5
              > C5,PAZ2100,2100,2100,2100,2100,2100,2100,2100
              - C5,0,2100,2100,2100,2100,2100,2100,2100,2100
F 13:03:05    - C5,0,
B 13:03:48    Edit Labware: D-BSSE 384 Well Plate Transp
F 13:03:48    > C6,RPY0
              - C6,0,2694,90
              > C5,PAZ2100,,,,,,,
              - C5,0,
              > C6,RPZ0
              - C6,0,2100,2100,2100,2100,2100,2100,2100,2100
              > C2,RPX0
              - C2,0,8500
              > C6,RPX0
              - C6,0,3385
              > C4,RPX0
              - C4,0,15995
              > C2,RPX0
              - C2,0,8500
              > C6,RPX0
              > C6,RPY0
              - C6,0,3385
              > C6,RPZ0
              - C6,0,2694,90
              - C6,0,2100,2100,2100,2100,2100,2100,2100,2100
              > C2,RPX0
              - C2,0,8500
              > C6,RPX0
              - C6,0,3385
              > C4,RPX0
              - C4,0,15995
              > C2,RPX0
              - C2,0,8500
              > C6,RPX0
              - C6,0,3385
              > C6,RPY0
              - C6,0,2694,90
              > C6,RPZ0
              - C6,0,2100,2100,2100,2100,2100,2100,2100,2100
              > C2,RPX0
              > C6,RPX0
              - C2,0,8500
              > C4,RPX0
              - C6,0,3385
              > C2,RPX0
              - C4,0,15995
              > C6,RPX0
              - C2,0,8500
              > C6,RPY0
              - C6,0,3385
              > C6,RPZ0
              - C6,0,2694,90
              > C2,RPX0
              - C6,0,2100,2100,2100,2100,2100,2100,2100,2100
              > C6,RPX0
              - C2,0,8500
              > C4,RPX0
              - C6,0,3385
              > C2,RPX0
              - C4,0,15995
              > C6,RPX0
              - C2,0,8500
              > C6,RPY0
              - C6,0,3385
              > C6,RPZ0
              - C6,0,2694,90
              - C6,0,2100,2100,2100,2100,2100,2100,2100,2100
F 13:03:54    > C5,RPZ5
              - C5,0,2100,2100,2100,2100,2100,2100,2100,2100
              > C5,PAZ2100,2100,2100,2100,2100,2100,2100,2100
              - C5,0,
B 13:04:37    Edit Labware: MP 2Pos H+P Shake
F 13:04:49    > C5,RPZ5
              - C5,0,2100,2100,2100,2100,2100,2100,2100,2100
              > C5,PAZ2100,2100,2100,2100,2100,2100,2100,2100
              - C5,0,
B 13:05:18    Edit Labware: 384 Sqr Flat Trans Greiner
F 13:05:18    > C6,RPY0
              > C5,PAZ2100,,,,,,,
              - C6,0,2694,90
              > C6,RPZ0
              - C5,0,
              - C6,0,2100,2100,2100,2100,2100,2100,2100,2100
              > C2,RPX0
              - C2,0,8500
              > C6,RPX0
              - C6,0,3385
              > C4,RPX0
              - C4,0,15995
              > C2,RPX0
              - C2,0,8500
              > C6,RPX0
              - C6,0,3385
              > C6,RPY0
              > C6,RPZ0
              - C6,0,2694,90
              - C6,0,2100,2100,2100,2100,2100,2100,2100,2100
              > C2,RPX0
              - C2,0,8500
              > C6,RPX0
              - C6,0,3385
              > C4,RPX0
              - C4,0,15995
              > C2,RPX0
              - C2,0,8500
              > C6,RPX0
              - C6,0,3385
              > C6,RPY0
              - C6,0,2694,90
              > C6,RPZ0
              - C6,0,2100,2100,2100,2100,2100,2100,2100,2100
              > C2,RPX0
              > C6,RPX0
              - C2,0,8500
              > C4,RPX0
              - C6,0,3385
              > C2,RPX0
              - C4,0,15995
              > C6,RPX0
              - C2,0,8500
              > C6,RPY0
              - C6,0,3385
              > C6,RPZ0
              - C6,0,2694,90
              > C2,RPX0
              - C6,0,2100,2100,2100,2100,2100,2100,2100,2100
              > C6,RPX0
              - C2,0,8500
              > C4,RPX0
              - C6,0,3385
              > C2,RPX0
              - C4,0,15995
              > C6,RPX0
              - C2,0,8500
              > C6,RPY0
              - C6,0,3385
              > C6,RPZ0
              - C6,0,2694,90
              - C6,0,2100,2100,2100,2100,2100,2100,2100,2100
A 13:05:29    writing configuration file
              reading configuration file
              MCA96: TipOfs=0
              MCA96: TipOfs=0
F 13:05:29    > C5,RPZ5
              > C5,PAZ2100,2100,2100,2100,2100,2100,2100,2100
              - C5,0,2100,2100,2100,2100,2100,2100,2100,2100
              - C5,0,
B 13:05:37    Edit Labware: MP 2Pos H+P Shake
F 13:05:59    > C5,RPZ5
              - C5,0,2100,2100,2100,2100,2100,2100,2100,2100
              > C5,PAZ2100,2100,2100,2100,2100,2100,2100,2100
              - C5,0,
B 13:06:15    Edit Labware: 384 Sqr Flat Trans Greiner
F 13:06:15    > C6,RPY0
              > C5,PAZ2100,,,,,,,
              - C6,0,2694,90
              > C6,RPZ0
              - C5,0,
              - C6,0,2100,2100,2100,2100,2100,2100,2100,2100
              > C2,RPX0
              - C2,0,8500
              > C6,RPX0
              - C6,0,3385
              > C4,RPX0
              - C4,0,15995
              > C2,RPX0
              - C2,0,8500
              > C6,RPX0
              > C6,RPY0
              - C6,0,3385
              > C6,RPZ0
              - C6,0,2694,90
              - C6,0,2100,2100,2100,2100,2100,2100,2100,2100
              > C2,RPX0
              > C6,RPX0
              - C2,0,8500
              > C4,RPX0
              - C6,0,3385
              > C2,RPX0
              - C4,0,15995
              > C6,RPX0
              - C2,0,8500
              - C6,0,3385
              > C6,RPY0
              - C6,0,2694,90
              > C6,RPZ0
F 13:06:16    - C6,0,2100,2100,2100,2100,2100,2100,2100,2100
              > C2,RPX0
              - C2,0,8500
              > C6,RPX0
              > C4,RPX0
              - C6,0,3385
              > C2,RPX0
              - C4,0,15995
              > C6,RPX0
              - C2,0,8500
              > C6,RPY0
              - C6,0,3385
              > C6,RPZ0
              - C6,0,2694,90
              > C2,RPX0
              - C6,0,2100,2100,2100,2100,2100,2100,2100,2100
              > C6,RPX0
              - C2,0,8500
              > C4,RPX0
              - C6,0,3385
              > C2,RPX0
              - C4,0,15995
              > C6,RPX0
              - C2,0,8500
              > C6,RPY0
              - C6,0,3385
              > C6,RPZ0
              - C6,0,2694,90
              - C6,0,2100,2100,2100,2100,2100,2100,2100,2100
F 13:06:29    > C5,RPZ12
              > C5,SHZ2100,2100,2100,2100,2100,2100,2100,2100
              - C5,0,2100,2100,2100,2100,2100,2100,2100,2100
              > C5,PAZ2100,2100,2100,2100,2100,2100,2100,2100
              - C5,0,
              > C5,RPX0
              - C5,0,
              > C5,RPY0
              - C5,0,3385
              > C2,RPX0
              - C5,0,2694,90
              > C2,RPR0
              - C2,0,8500
              > C5,SSM1
              - C2,0,900
              > C5,PAA3382,1667,90
              - C5,0,
F 13:06:30    - C5,0,
              > C5,SSM0
              - C5,0,
              > C6,RPX0
              - C6,0,3382
              > C6,RPY0
              - C6,0,1667,90
              > C5,PAZ2100,,,,,,,
              - C5,0,
              > C5,SHZ2100,2100,2100,2100,2100,2100,2100,2100
              - C5,0,
              > C6,RPX0
              - C6,0,3382
              > C6,RPY0
              - C6,0,1667,90
              > C2,RPX0
              - C2,0,8500
              > C6,RPX0
              - C6,0,3382
              > C4,RPX0
              - C4,0,15995
              > C2,RPX0
              - C2,0,8500
F 13:06:33    > C5,PAZ1450,,,,,,,
              - C5,0,
              > C6,RPZ0
              - C6,0,1450,2100,2100,2100,2100,2100,2100,2100
F 13:08:18    > C5,PAZ1432,,,,,,,
              - C5,0,
              > C6,RPZ0
              - C6,0,1432,2100,2100,2100,2100,2100,2100,2100
F 13:08:21    > C5,PAZ1321,,,,,,,
              - C5,0,
              > C6,RPZ0
              - C6,0,1321,2100,2100,2100,2100,2100,2100,2100
F 13:08:35    > C5,PAZ1450,,,,,,,
              - C5,0,
              > C6,RPZ0
              - C6,0,1449,2100,2100,2100,2100,2100,2100,2100
F 13:08:53    > C5,PAZ1450,,,,,,,
              - C5,0,
              > C6,RPZ0
F 13:08:54    - C6,0,1450,2100,2100,2100,2100,2100,2100,2100
F 13:08:56    > C5,PAZ1432,,,,,,,
              - C5,0,
              > C6,RPZ0
              - C6,0,1432,2100,2100,2100,2100,2100,2100,2100
F 13:08:58    > C5,PAZ1321,,,,,,,
              - C5,0,
              > C6,RPZ0
              - C6,0,1321,2100,2100,2100,2100,2100,2100,2100
F 13:09:18    > C6,RPY0
              - C6,0,1667,90
              > C5,PAZ2100,,,,,,,
F 13:09:19    - C5,0,
              > C5,PAZ,1323,,,,,,
              - C5,0,
              > C6,RPZ0
              - C6,0,2100,1323,2100,2100,2100,2100,2100,2100
              > C6,RPY0
              - C6,0,1667,90
              > C5,PAZ,1323,,,,,,
              - C5,0,
              > C6,RPZ0
              - C6,0,2100,1323,2100,2100,2100,2100,2100,2100
F 13:09:36    > C6,RPY0
              - C6,0,1667,90
              > C5,PAZ,2100,,,,,,
F 13:09:37    - C5,0,
              > C5,PAZ1321,,,,,,,
              - C5,0,
              > C6,RPZ0
              - C6,0,1321,2100,2100,2100,2100,2100,2100,2100
              > C6,RPY0
              - C6,0,1667,90
              > C5,PAZ1321,,,,,,,
              - C5,0,
              > C6,RPZ0
              - C6,0,1321,2100,2100,2100,2100,2100,2100,2100
F 13:09:40    > C5,PAZ1450,,,,,,,
              - C5,0,
              > C6,RPZ0
F 13:09:41    - C6,0,1449,2100,2100,2100,2100,2100,2100,2100
F 13:09:58    > C2,RPX0
              - C2,0,8500
              > C6,RPX0
              - C6,0,3382
              > C4,RPX0
              - C4,0,15995
              > C2,RPX0
              - C2,0,8500
              > C2,RPX0
              - C2,0,8500
              > C2,RPY0
              - C2,0,-400
              > C2,RPZ0
              - C2,0,2013
              > C2,RPR0
              - C2,0,900
              > C2,RPG0
              - C2,0,900
              > C2,RPX0
              - C2,0,8500
              > C6,RPX0
              - C6,0,3382
              > C4,RPX0
              - C4,0,15995
              > C2,RPX0
              - C2,0,8500
              > C6,RPX0
              - C6,0,3382
              > C6,RPY0
              - C6,0,1667,90
              > C6,RPZ0
F 13:09:59    - C6,0,1450,2100,2100,2100,2100,2100,2100,2100
F 13:10:07    > C5,PRZ-1,,,,,,,
              - C5,0,
              > C6,RPZ0
              - C6,0,1449,2100,2100,2100,2100,2100,2100,2100
              > C5,PRZ-1,,,,,,,
              - C5,0,
              > C6,RPZ0
              - C6,0,1448,2100,2100,2100,2100,2100,2100,2100
F 13:10:08    > C5,PRZ-1,,,,,,,
              - C5,0,
              > C6,RPZ0
              - C6,0,1447,2100,2100,2100,2100,2100,2100,2100
              > C5,PRZ-1,,,,,,,
              - C5,0,
              > C6,RPZ0
              - C6,0,1446,2100,2100,2100,2100,2100,2100,2100
F 13:10:09    > C5,PRZ-1,,,,,,,
              - C5,0,
              > C6,RPZ0
              - C6,0,1445,2100,2100,2100,2100,2100,2100,2100
              > C5,PRZ-1,,,,,,,
              - C5,0,
              > C5,PRZ-1,,,,,,,
              - C5,0,
              > C6,RPZ0
              - C6,0,1443,2100,2100,2100,2100,2100,2100,2100
              > C6,RPZ0
              - C6,0,1443,2100,2100,2100,2100,2100,2100,2100
              > C5,PRZ-1,,,,,,,
              - C5,0,
              > C6,RPZ0
              - C6,0,1442,2100,2100,2100,2100,2100,2100,2100
F 13:10:13    > C5,PAZ1321,,,,,,,
              - C5,0,
              > C6,RPZ0
              - C6,0,1321,2100,2100,2100,2100,2100,2100,2100
F 13:10:17    > C5,PRZ-1,,,,,,,
              - C5,0,
              > C5,PRZ-1,,,,,,,
              - C5,0,
              > C6,RPZ0
              - C6,0,1318,2100,2100,2100,2100,2100,2100,2100
              > C6,RPZ0
              - C6,0,1319,2100,2100,2100,2100,2100,2100,2100
              > C5,PRZ-1,,,,,,,
              - C5,0,
              > C6,RPZ0
              - C6,0,1318,2100,2100,2100,2100,2100,2100,2100
              > C5,PRZ-1,,,,,,,
              - C5,0,
              > C5,PRZ-1,,,,,,,
              - C5,0,
              > C6,RPZ0
              - C6,0,1316,2100,2100,2100,2100,2100,2100,2100
              > C6,RPZ0
              - C6,0,1316,2100,2100,2100,2100,2100,2100,2100
F 13:10:18    > C5,PRZ-1,,,,,,,
              - C5,0,
              > C6,RPZ0
              - C6,0,1315,2100,2100,2100,2100,2100,2100,2100
              > C5,PRZ-1,,,,,,,
              - C5,0,
              > C5,PRZ-1,,,,,,,
              - C5,0,
              > C6,RPZ0
              - C6,0,1313,2100,2100,2100,2100,2100,2100,2100
              > C6,RPZ0
              - C6,0,1313,2100,2100,2100,2100,2100,2100,2100
              > C5,PRZ-1,,,,,,,
              - C5,0,
              > C6,RPZ0
              - C6,0,1312,2100,2100,2100,2100,2100,2100,2100
              > C5,PRZ-1,,,,,,,
              - C5,0,
              > C6,RPZ0
              - C6,0,1311,2100,2100,2100,2100,2100,2100,2100
              > C5,PRZ-1,,,,,,,
F 13:10:19    - C5,0,
              > C5,PRZ-1,,,,,,,
              - C5,0,
              > C6,RPZ0
              - C6,0,1309,2100,2100,2100,2100,2100,2100,2100
              > C6,RPZ0
              - C6,0,1309,2100,2100,2100,2100,2100,2100,2100
              > C5,PRZ-1,,,,,,,
              - C5,0,
              > C6,RPZ0
              - C6,0,1308,2100,2100,2100,2100,2100,2100,2100
              > C5,PRZ-1,,,,,,,
              - C5,0,
              > C6,RPZ0
              - C6,0,1307,2100,2100,2100,2100,2100,2100,2100
F 13:11:28    > C5,PRZ1,,,,,,,
              - C5,0,
              > C6,RPZ0
              - C6,0,1308,2100,2100,2100,2100,2100,2100,2100
A 13:12:10    writing configuration file
              reading configuration file
              MCA96: TipOfs=0
              MCA96: TipOfs=0
F 13:12:10    > C5,RPZ5
              - C5,0,2100,2100,2100,2100,2100,2100,2100,2100
              > C5,PAZ2100,2100,2100,2100,2100,2100,2100,2100
              - C5,0,
C 13:16:05    Script is saved before execution!
D 13:16:08    button OK has been pressed
A 13:16:08    HLM_LOGIN Result:0
              HLM_LOGIN Result:0
A 13:16:09    HLM_LOGIN Result:15
A 13:16:12    HLM_LOGIN Result:0
A 13:16:13    HLM_LOGIN Result:15
              HLM_LOGIN Result:0
F 13:16:13    > O1,ALO1,1
F 13:16:14    - O1,0,
              > O1,ALO2,1
              - O1,0,
              > O1,RSL2
              - O1,0,0
              > O1,SSL1,1
              - O1,0,
G 13:16:14    Named Pipe 3 Command "IsInitialized"
              Named Pipe 3 Answer  "0;1"
F 13:16:14    > O1,SPN
              > O1,SPS3
              - O1,0,
              - O1,0,
A 13:16:14    closing log-file
