5BC8CA64
20121220_080118 No log in       
                                                                                                                                
                                                                                                                                
              Freedom EVOware, Version 2, 3, 26, 0
A 08:01:22    dongle type EVO+ found
              Hardlock serial number: 346870173
              reading options file
              reading configuration file
A 08:01:35    reading liquid-classes file
A 08:01:39    Connected to instrument via USB
              MCA96: TipOfs=0
              MCA96: TipOfs=0
              loading Genesis driver
              checking connection to instrument
F 08:01:39    > M1,RFV2
              - M1,0,711005266
              > M1,RFV0
              - M1,0,TECU-V1.40-12/2007
              > M1,_Cache_on
              - M1,0,
              > M1,RSS
              - M1,0,ACDEIMOPQSTW
              > M1,RGD30
              - M1,0,17250
              > M1,RSD0,1
              - M1,0,0
              > M1,RSD7,0
              - M1,0,0
              > M1,RMA
F 08:01:40    * M1,2,
              > M1,RSD4,1
              - M1,0,0
              > M1,RSD1,0
              - M1,0,63
              > C1,RFV
              - C1,0,ROMACU-V2.21-09/2007
A 08:01:40    RoMa 1 Round moves are disabled because there is no configuration entry.
F 08:01:40    > C1,RSM
              - C1,0,0
              > C1,RPX4
              - C1,0,20
              > C1,RPX5
              - C1,0,15965
              > C1,RPY4
              - C1,0,10
              > C1,RPY5
              - C1,0,3243
              > C1,RPZ4
              - C1,0,10
              > C1,RPZ5
              - C1,0,2013
              > C1,RPX7
              - C1,0,1259
              > C1,RPY7
              - C1,0,-606
              > C1,RHW
              - C1,0,5
              > C1,RPG7
              - C1,0,560
              > C1,ROD
              - C1,0,800
              > C1,REE
              - C1,0,GGGGG
              > C1,RPR2
              - C1,0,2000
              > C1,RHW
              - C1,0,5
              > C1,RPY5
              - C1,0,3243
              > C1,RPZ5
              - C1,0,2013
              > C1,RPR5
              - C1,0,3640
              > C1,RPG5
              - C1,0,1390
              > C1,RPY4
              - C1,0,10
              > C1,RPY7
              - C1,0,-606
              > C1,RPZ4
              - C1,0,10
              > C1,RPZ7
              - C1,0,-4047
              > C1,RPR4
              - C1,0,50
              > C1,RPR7
              - C1,0,858
              > C1,RPG4
              - C1,0,20
              > C1,RPG7
              - C1,0,560
              > C1,RPZ2
              - C1,0,1300
              > C1,RPY2
              - C1,0,3500
              > C1,RPX2
              - C1,0,10000
              > C1,RPX1
              - C1,0,1600
              > C2,RFV
              > C3,RFV
              - C2,0,ROMACU-V2.21-09/2007
              - C3,0,ROMACU-V2.21-09/2007
A 08:01:40    RoMa 2 Round moves are disabled because there is no configuration entry.
F 08:01:40    > C3,RSM
              - C3,0,0
              > C3,RPX4
              - C3,0,30
              > C3,RPX5
              - C3,0,17272
              > C3,RPY4
              - C3,0,10
              > C3,RPY5
              - C3,0,3245
              > C3,RPZ4
              - C3,0,10
              > C3,RPZ5
              - C3,0,2546
              > C3,RPX7
              - C3,0,2560
              > C3,RPY7
              - C3,0,-609
              > C3,RHW
              - C3,0,2
              > C3,RPG7
              - C3,0,560
              > C3,ROD
              - C3,0,1850
              > C3,REE
              - C3,0,GGGGG
              > C3,RPR2
              - C3,0,2000
              > C3,RHW
              - C3,0,2
              > C3,RPY5
              - C3,0,3245
              > C3,RPZ5
              - C3,0,2546
              > C3,RPR5
              - C3,0,2737
              > C3,RPG5
              - C3,0,1390
              > C3,RPY4
              - C3,0,10
              > C3,RPY7
              - C3,0,-609
              > C3,RPZ4
              - C3,0,10
              > C3,RPZ7
              - C3,0,-3514
              > C3,RPR4
              - C3,0,60
              > C3,RPR7
              - C3,0,0
              > C3,RPG4
              - C3,0,20
              > C3,RPG7
              - C3,0,560
              > C3,RPZ2
              - C3,0,1300
              > C3,RPY2
              - C3,0,3500
              > C3,RPX2
              - C3,0,10000
              > C3,RPX1
              - C3,0,1600
              > C4,RFV
              - C4,0,ROMACU-V2.21-09/2007
              > C5,RFV
              - C5,0,LIHACU-V1.60-02/2010
              > C5,T30RFV15
              - C5,0,320
              > C5,RFV8
              - C5,0,0
              > C5,RYS
              - C5,0,90
              > C5,RSD
              - C5,0,0
              > C5,RSL
              - C5,0,0
              > C5,RDA2,0
              - C5,0,255
              > C5,T20RFV0
              - C5,0,XP2000-V1.10-03/2006
              > C5,T20RSD1
              - C5,0,0
              > C5,T20RIS
              - C5,0,0
              > C5,T20RPP7
              - C5,0,900
              > C5,T20RPP10
              - C5,0,7
              > C5,T21RFV0
              - C5,0,XP2000-V1.10-03/2006
              > C5,T21RSD1
              - C5,0,0
              > C5,T21RIS
              - C5,0,0
              > C5,T21RPP7
              - C5,0,900
              > C5,T21RPP10
              - C5,0,7
              > C5,T22RFV0
              - C5,0,XP2000-V1.10-03/2006
              > C5,T22RSD1
              - C5,0,0
              > C5,T22RIS
              - C5,0,0
              > C5,T22RPP7
              - C5,0,900
              > C5,T22RPP10
              - C5,0,7
              > C5,T23RFV0
              - C5,0,XP2000-V1.10-03/2006
              > C5,T23RSD1
              - C5,0,0
              > C5,T23RIS
              - C5,0,0
              > C5,T23RPP7
              - C5,0,900
              > C5,T23RPP10
              - C5,0,7
              > C5,T24RFV0
              - C5,0,XP2000-V1.10-03/2006
              > C5,T24RSD1
              - C5,0,0
              > C5,T24RIS
              - C5,0,0
              > C5,T24RPP7
              - C5,0,900
              > C5,T24RPP10
              - C5,0,7
              > C5,T25RFV0
F 08:01:41    - C5,0,XP2000-V1.10-03/2006
              > C5,T25RSD1
              - C5,0,0
              > C5,T25RIS
              - C5,0,0
              > C5,T25RPP7
              - C5,0,900
              > C5,T25RPP10
              - C5,0,7
              > C5,T26RFV0
              - C5,0,XP2000-V1.10-03/2006
              > C5,T26RSD1
              - C5,0,0
              > C5,T26RIS
              - C5,0,0
              > C5,T26RPP7
              - C5,0,900
              > C5,T26RPP10
              - C5,0,7
              > C5,T27RFV0
              - C5,0,XP2000-V1.10-03/2006
              > C5,T27RSD1
              - C5,0,0
              > C5,T27RIS
              - C5,0,0
              > C5,T27RPP7
              - C5,0,900
              > C5,T27RPP10
              - C5,0,7
              > C5,T20RFV2
              - C5,0,710003920
              > C5,T21RFV2
              - C5,0,710003921
              > C5,T22RFV2
              - C5,0,710003922
              > C5,T23RFV2
              - C5,0,710006802
              > C5,T24RFV2
              - C5,0,710006803
              > C5,T25RFV2
              - C5,0,710006804
              > C5,T26RFV2
              - C5,0,710006805
              > C5,T27RFV2
              - C5,0,710006806
              > C5,T36RFV
              * C5,5,
              > C5,RGD3
              - C5,0,0
              > C5,T32RFV0
              * C5,5,
              > C5,RGD58
              - C5,0,0
              > C5,RGD59
              - C5,0,0
              > C5,RNT0
              - C5,0,255
              > C5,RNT1
              - C5,0,8
              > C5,RPZ7
              - C5,0,0,0,0,0,0,0,0,0
              > C5,REE
              - C5,0,GGGGGGGGGGG
              > C5,RPZ5
              - C5,0,2100,2100,2100,2100,2100,2100,2100,2100
              > C5,RPX4
              - C5,0,10
              > C5,RPX5
              - C5,0,14527
              > C5,RPY4
              - C5,0,10,10
              > C5,RPY5
              - C5,0,2844,2844
              > C5,RPZ4
              - C5,0,66,66,66,66,70,70,70,70
              > C5,RPX7
              - C5,0,-184
              > C5,RPY7
              - C5,0,-883,-883
              > C5,RPX1
              - C5,0,1600
              > C5,RPX2
              - C5,0,10000
              > C5,RPY1
              - C5,0,2400,2400
              > C5,RPY2
              - C5,0,3500,3500
              > C5,RPZ1
              - C5,0,2000,2000,2000,2000,2000,2000,2000,2000
              > C5,RPZ2
              - C5,0,4000,4000,4000,4000,4000,4000,4000,4000
              > C5,RSM
              - C5,0,0
              > C5,RPX8
              - C5,0,9998
              > C5,RPX10
              - C5,0,-1250
              > C5,RPY8
              - C5,0,10007,10011
              > C5,RPY10
              - C5,0,1389,1389
              > C5,SFP0
              - C5,0,
              > C6,RFV
              - C6,0,LIHACU-V1.60-02/2010
              > M1,RSD10,0
              - M1,0,0
              > M1,RSD11,0
              - M1,0,0
              > M1,RSD6,0
              - M1,0,17
              > O1,RFV
              - O1,0,SAFY-V1.30-04/2008
              > O1,RSL1
              - O1,0,0
              > O1,RSL2
              - O1,0,0
              > O1,RFV
              - O1,0,SAFY-V1.30-04/2008
              > O1,RLO1
              - O1,0,0
              > O1,RLS
              - O1,0,0
              > O1,SLO1,0
              - O1,0,
              > O1,SLO2,0
              - O1,0,
              > O1,SLO3,0
              - O1,0,
              > O1,SLO4,0
              - O1,0,
              > O5,RFV
              - O5,0,SPE-V2.10-12/01
              > O5,RWM
              - O5,0,128
              > M1,RSD8,0
              - M1,0,0
              > M1,RSD9,0
              - M1,0,0
A 08:01:41    Communication over USB
              MCA96: TipOfs=0
A 08:01:42    Named Pipe 1 opened
A 08:01:43    Named Pipe 2 opened
              Named Pipe 3 opened
A 08:01:49    Named Pipe 4 opened
G 08:01:49    Named Pipe 4 Command "GetDongleFlag"
              Named Pipe 4 Answer  "0;6"
A 08:01:49    Named Pipe 4 closed
A 08:01:56    Named Pipe 4 opened
D 08:02:21    Loading program "C:\Program Files\TECAN\EVOware\database\scripts\Ellis\ellis_dyez01.esc"
D 08:59:30    Loading program "C:\Program Files\TECAN\EVOware\database\SC_Templates\Blank.est"
D 09:00:52    Loading program "C:\Program Files\TECAN\EVOware\database\Scripts\ExWoLi.esc"
C 09:01:00    Insert before current line?
D 09:01:04    button No has been pressed
C 09:01:04  0 Line    2 : labware Falcon 50 in worklist not on worktable
              Line    2 : labware Pipetting flat 2 in worklist not on worktable
              Line    2 : labware Pipetting flat 1 in worklist not on worktable
              Line    2 : labware Sodium hypochlorite in worklist not on worktable
              Line    2 : labware Eppendorf 1.5 in worklist not on worktable
              Line    2 : labware Shaker in worklist not on worktable
              Line    2 : labware Falcon 15 in worklist not on worktable
              Line    3 : Line    7 not found
              Line    2 : labware Falcon 50 in worklist not on worktable
              Line    2 : labware Pipetting flat 2 in worklist not on worktable
              Line    2 : labware Pipetting flat 1 in worklist not on worktable
              Line    2 : labware Sodium hypochlorite in worklist not on worktable
              Line    2 : labware Eppendorf 1.5 in worklist not on worktable
              Line    2 : labware Shaker in worklist not on worktable
              Line    2 : labware Falcon 15 in worklist not on worktable
              Line    3 : Line    7 not found
C 09:01:07  0 Line    2 : labware Falcon 50 in worklist not on worktable
              Line    2 : labware Pipetting flat 2 in worklist not on worktable
              Line    2 : labware Pipetting flat 1 in worklist not on worktable
              Line    2 : labware Sodium hypochlorite in worklist not on worktable
              Line    2 : labware Eppendorf 1.5 in worklist not on worktable
              Line    2 : labware Shaker in worklist not on worktable
              Line    2 : labware Falcon 15 in worklist not on worktable
C 09:01:24    Script is saved before execution!
D 09:01:43    button OK has been pressed
F 09:01:54    > O1,ALO1,1
F 09:01:55    - O1,0,
              > O1,ALO2,1
              - O1,0,
              > O1,RSL2
              - O1,0,0
              > O1,SSL1,1
              - O1,0,
A 09:01:56    Named Pipe 5 opened
G 09:01:56    Named Pipe 5 Command "GET_VERSION"
              Named Pipe 5 Answer  "0;Version 2, 3, 26, 0;STD"
A 09:01:56    Named Pipe 6 opened
G 09:01:56    Named Pipe 6 Command "GetWorktableWidth"
              Named Pipe 6 Answer  "0;69"
A 09:01:56    Named Pipe 5 closed
              Named Pipe 6 closed
G 09:01:56    Named Pipe 3 Command "IsInitialized"
              Named Pipe 3 Answer  "0;0"
A 09:01:56    Named Pipe 5 opened
G 09:01:56    Named Pipe 5 Command "GetDongleFlag"
              Named Pipe 5 Answer  "0;6"
A 09:01:56    Named Pipe 5 closed
G 09:01:56    Named Pipe 3 Command "IsInitialized"
              Named Pipe 3 Answer  "0;0"
              Named Pipe 3 Command "COMMAND;M1RFV2"
A 09:01:56    Named Pipe 5 opened
G 09:01:56    Named Pipe 5 Command "GET_VERSION"
              Named Pipe 5 Answer  "0;Version 2, 3, 26, 0;STD"
A 09:01:56    Named Pipe 5 closed
              Named Pipe 5 opened
G 09:01:56    Named Pipe 5 Command "GetWorktableWidth"
              Named Pipe 5 Answer  "0;69"
A 09:01:56    Named Pipe 5 closed
F 09:01:56    > M1,RFV2
              - M1,0,711005266
G 09:01:56    Named Pipe 3 Answer  "0;711005266"
              Named Pipe 3 Command "COMMAND;M1RFV"
F 09:01:56    > M1,RFV
              - M1,0,TECU-V1.40-12/2007
G 09:01:56    Named Pipe 3 Answer  "0;TECU-V1.40-12/2007"
              Named Pipe 3 Command "COMMAND;C5RFV2"
F 09:01:56    > C5,RFV2
              - C5,0,711005262
G 09:01:56    Named Pipe 3 Answer  "0;711005262"
              Named Pipe 3 Command "COMMAND;C5RFV"
F 09:01:56    > C5,RFV
              - C5,0,LIHACU-V1.60-02/2010
G 09:01:56    Named Pipe 3 Answer  "0;LIHACU-V1.60-02/2010"
              Named Pipe 3 Command "INIT_RSP"
A 09:01:56    initializing instrument
              LiHa1(C5): Right size = 721
              RoMa1(C1): Left size = 721
              RoMa1(C1): Right size = 650
              RoMa2(C3): Left size = 650
F 09:01:56    > O1,SPN
              - O1,0,
              > O1,SPS3
              - O1,0,
              > C5,PIA
A 09:01:57    Named Pipe 5 opened
G 09:01:57    Named Pipe 5 Command "GET_VERSION"
              Named Pipe 5 Answer  "0;Version 2, 3, 26, 0;STD"
A 09:01:57    Named Pipe 5 closed
F 09:02:10    - C5,0,
              > C5,BMX2
              - C5,0,
              > C1,PIA
F 09:02:41    - C1,0,
              > C1,PIX
F 09:02:43    - C1,0,
              > C1,RHW
              - C1,0,5
              > C2,RPX0
              - C2,0,1264
              > C2,RPY0
              - C2,0,-606
              > C2,RPZ0
              - C2,0,2013
              > C2,RPR0
              - C2,0,3600
              > C2,RPG0
              - C2,0,560
              > C1,BMX2
              - C1,0,
              > C3,PIA
F 09:03:50    - C3,0,
              > C3,PIX
F 09:03:51    - C3,0,
              > C3,RHW
              - C3,0,2
              > C4,RPX0
              - C4,0,2563
              > C4,RPY0
              - C4,0,-609
              > C4,RPZ0
              - C4,0,2546
              > C4,RPR0
              - C4,0,-1
              > C4,RPG0
              - C4,0,560
              > C4,RPX0
              - C4,0,2563
              > C4,RPY0
              - C4,0,-609
              > C4,RPZ0
              - C4,0,2546
              > C4,RPR0
              - C4,0,-1
              > C4,RPG0
              - C4,0,560
              > C1,PIX
F 09:03:52    - C1,0,
              > C2,RPX0
              - C2,0,1263
              > C2,RPY0
              - C2,0,-606
              > C2,RPZ0
              - C2,0,2013
              > C2,RPR0
              - C2,0,3600
              > C2,RPG0
              - C2,0,560
              > C5,PIX
F 09:03:53    - C5,0,
              > C6,RPX0
              - C6,0,-186
              > C6,RPY0
              - C6,0,-883,90
              > C6,RPZ0
              - C6,0,2100,2100,2100,2100,2100,2100,2100,2100
              > C4,RPX0
              - C4,0,2563
              > C4,RPY0
              - C4,0,-609
              > C4,RPZ0
              - C4,0,2546
              > C4,RPR0
              - C4,0,-1
              > C4,RPG0
              - C4,0,560
              > C3,PRX0
              - C3,0,
              > C1,PRX0
              - C1,0,
              > C3,SRA
              - C3,0,
              > C3,REE
              - C3,0,@@@@@
              > C3,RPR0
              - C3,0,-1
              > C3,RPG0
              - C3,0,560
              > C3,PAG900
F 09:03:54    - C3,0,
              > C4,RPX0
              - C4,0,2559
              > C4,RPY0
              - C4,0,-609
              > C4,RPZ0
              - C4,0,2546
              > C4,RPR0
              - C4,0,-1
              > C4,RPG0
F 09:03:55    - C4,0,900
              > C3,SFX10000
              - C3,0,
              > C3,SFY5000,1500
              - C3,0,
              > C3,SFZ1300
              - C3,0,
              > C3,SFR5000,1500
              - C3,0,
              > C4,RPG0
              - C4,0,900
              > C4,RPR0
              - C4,0,-1
              > C3,SAA1,15995,880,2446,1800,,1
              - C3,0,
              > C3,RPR0
              - C3,0,-1
              > C3,RPG0
              - C3,0,900
              > C2,RPX0
              - C2,0,1259
              > C2,RPR0
              - C2,0,3600
              > C3,SSM1
              - C3,0,
              > C3,AAA
F 09:03:57    - C3,0,
              > C4,RPX0
              - C4,0,15994
              > C4,RPY0
              - C4,0,880
              > C4,RPZ0
              - C4,0,2446
              > C4,RPR0
              - C4,0,1800
              > C4,RPG0
              - C4,0,900
              > C3,SSM0
              - C3,0,
              > C4,RPX0
              - C4,0,15994
              > C3,SFX10000
              - C3,0,
              > C3,SFY3500,1000
              - C3,0,
              > C3,SFZ1300
              - C3,0,
              > C3,SFR2000,600
              - C3,0,
              > C1,SRA
              - C1,0,
              > C1,REE
              - C1,0,@@@@@
              > C1,RPR0
              - C1,0,3600
              > C1,RPG0
              - C1,0,560
              > C1,PAG900
F 09:03:58    - C1,0,
              > C2,RPX0
              - C2,0,1259
              > C2,RPY0
              - C2,0,-606
              > C2,RPZ0
              - C2,0,2013
              > C2,RPR0
              - C2,0,3600
              > C2,RPG0
              - C2,0,900
              > C1,SFX10000
              - C1,0,
              > C1,SFY5000,1500
              - C1,0,
              > C1,SFZ1300
              - C1,0,
              > C1,SFR5000,1500
              - C1,0,
              > C2,RPG0
              - C2,0,900
              > C2,RPR0
              - C2,0,3600
              > C1,SAA1,8500,-400,2013,900,,1
              - C1,0,
              > C1,RPR0
              - C1,0,3600
              > C1,RPG0
              - C1,0,900
              > C6,RPX0
              - C6,0,-184
              > C4,RPX0
              - C4,0,15994
              > C4,RPR0
              - C4,0,1800
              > C1,SSM1
              - C1,0,
              > C1,AAA
F 09:04:00    - C1,0,
              > C2,RPX0
              - C2,0,8499
              > C2,RPY0
              - C2,0,-400
              > C2,RPZ0
              - C2,0,2013
              > C2,RPR0
              - C2,0,900
              > C2,RPG0
              - C2,0,900
              > C1,SSM0
              - C1,0,
              > C2,RPX0
              - C2,0,8499
              > C1,SFX10000
              - C1,0,
              > C1,SFY3500,1000
              - C1,0,
              > C1,SFZ1300
              - C1,0,
              > C1,SFR2000,600
              - C1,0,
              > C2,RPX0
              - C2,0,8499
              > C2,RPR0
              - C2,0,900
              > C5,SSM1
              - C5,0,
              > C5,RPX0
              - C5,0,-184
              > C5,RPY0
              - C5,0,-883,90
              > C5,SSM1
              - C5,0,
              > C5,SHZ2100,2100,2100,2100,2100,2100,2100,2100
              - C5,0,
              > C5,PAA45,1031,90,1200,1202,1200,1202,541,545,543,545
F 09:04:01    - C5,0,
              > C5,SSM0
              - C5,0,
              > C6,RPX0
              - C6,0,45
              > C6,RPY0
F 09:04:02    - C6,0,1031,90
              > C6,RPX0
              > C5,PID255
              - C6,0,45
              > C6,RPY0
              - C6,0,1031,90
F 09:04:37    - C5,0,
              > C6,RDS
              - C6,0,0,0,0,0,0,0,0,0
              > C5,PVL1,1,1,1,1,1,1,1
F 09:04:38    - C5,0,
              > C5,PPR100,100,100,100,100,100,100,100
              - C5,0,
              > C5,PVL0,0,0,0,0,0,0,0
              - C5,0,
              > C5,SEP1800,1800,1800,1800,1800,1800,1800,1800
              - C5,0,
              > C5,PVL0,0,0,0,0,0,0,0
              - C5,0,
              > C5,PPR-100,-100,-100,-100,-100,-100,-100,-100
              - C5,0,
              > O1,SPS0
              - O1,0,
              > C5,RPZ5
              - C5,0,2100,2100,2100,2100,2100,2100,2100,2100
              > C5,PAZ2100,2100,2100,2100,2100,2100,2100,2100
F 09:04:39    - C5,0,
G 09:04:39    Named Pipe 3 Answer  "0"
              Named Pipe 3 Command "LIHA_PARK;0"
F 09:04:39    > C5,RPZ5
              - C5,0,2100,2100,2100,2100,2100,2100,2100,2100
              > C5,PAZ2100,2100,2100,2100,2100,2100,2100,2100
              - C5,0,
              > C5,SHZ2100,2100,2100,2100,2100,2100,2100,2100
              - C5,0,
              > C2,RPX0
              - C2,0,8499
              > C2,RPR0
              - C2,0,900
              > C5,SSM1
              - C5,0,
              > C5,RPX0
              - C5,0,45
              > C5,RPY0
              - C5,0,1031,90
              > C5,SSM1
              - C5,0,
              > C5,PAA45,1031,90,2100,2100,2100,2100,2100,2100,2100,2100
F 09:04:40    - C5,0,
              > C5,SSM0
              - C5,0,
              > C6,RPX0
              - C6,0,45
              > C6,RPY0
              - C6,0,1031,90
              > C6,RPX0
              - C6,0,45
              > C6,RPY0
              - C6,0,1031,90
G 09:04:40    Named Pipe 3 Answer  "0"
              Named Pipe 3 Command "IsInitialized"
              Named Pipe 3 Answer  "0;1"
              Named Pipe 3 Command "IsInitialized"
              Named Pipe 3 Answer  "0;1"
              Named Pipe 2 Command "GET_VERSION"
              Named Pipe 2 Answer  "0;Version 2, 3, 26, 0;STD"
              Named Pipe 2 Command "SET_ROMANO;0"
              Named Pipe 2 Answer  "0"
              Named Pipe 2 Command "ROMA_PARK;1"
F 09:04:40    > C1,SRA
              - C1,0,
              > C1,REE
              - C1,0,@@@@@
              > C1,RPR0
              - C1,0,900
              > C1,RPG0
              - C1,0,900
              > C1,PAG900
              - C1,0,
              > C2,RPX0
              - C2,0,8499
              > C2,RPY0
              - C2,0,-400
              > C2,RPZ0
              - C2,0,2013
              > C2,RPR0
              - C2,0,900
              > C2,RPG0
              - C2,0,900
              > C1,SFX10000
              - C1,0,
              > C1,SFY5000,1500
              - C1,0,
              > C1,SFZ1300
              - C1,0,
              > C1,SFR5000,1500
              - C1,0,
              > C2,RPG0
              - C2,0,900
              > C2,RPR0
              - C2,0,900
              > C1,SAA1,8500,-400,2013,900,,1
              - C1,0,
              > C1,RPR0
              - C1,0,900
              > C1,RPG0
              - C1,0,900
              > C6,RPX0
              - C6,0,45
              > C4,RPX0
              - C4,0,15994
              > C4,RPR0
              - C4,0,1800
              > C1,SSM1
              - C1,0,
              > C1,AAA
              - C1,0,
              > C2,RPX0
              - C2,0,8500
              > C2,RPY0
              - C2,0,-400
              > C2,RPZ0
              - C2,0,2013
              > C2,RPR0
              - C2,0,900
              > C2,RPG0
              - C2,0,900
              > C1,SSM0
              - C1,0,
              > C2,RPX0
              - C2,0,8500
              > C1,SFX10000
              - C1,0,
              > C1,SFY3500,1000
              - C1,0,
              > C1,SFZ1300
              - C1,0,
              > C1,SFR2000,600
              - C1,0,
G 09:04:40    Named Pipe 2 Answer  "0"
              Named Pipe 1 Command "GET_VERSION"
              Named Pipe 1 Answer  "0;Version 2, 3, 26, 0;STD"
              Named Pipe 1 Command "SET_ROMANO;1"
              Named Pipe 1 Answer  "0"
              Named Pipe 1 Command "ROMA_PARK;1"
F 09:04:40    > C3,SRA
              - C3,0,
              > C3,REE
              - C3,0,@@@@@
              > C3,RPR0
              - C3,0,1800
              > C3,RPG0
              - C3,0,900
              > C3,PAG900
              - C3,0,
              > C4,RPX0
              - C4,0,15994
              > C4,RPY0
              - C4,0,880
              > C4,RPZ0
              - C4,0,2446
              > C4,RPR0
              - C4,0,1800
              > C4,RPG0
              - C4,0,900
              > C3,SFX10000
              - C3,0,
              > C3,SFY5000,1500
              - C3,0,
              > C3,SFZ1300
              - C3,0,
              > C3,SFR5000,1500
              - C3,0,
              > C4,RPG0
              - C4,0,900
              > C4,RPR0
              - C4,0,1800
              > C3,SAA1,15995,880,2446,1800,,1
              - C3,0,
              > C3,RPR0
              - C3,0,1800
              > C3,RPG0
              - C3,0,900
              > C2,RPX0
              - C2,0,8500
              > C2,RPR0
              - C2,0,900
              > C3,SSM1
              - C3,0,
              > C3,AAA
              - C3,0,
              > C4,RPX0
              - C4,0,15995
              > C4,RPY0
              - C4,0,880
              > C4,RPZ0
              - C4,0,2446
              > C4,RPR0
              - C4,0,1800
              > C4,RPG0
              - C4,0,900
              > C3,SSM0
              - C3,0,
              > C4,RPX0
              - C4,0,15995
              > C3,SFX10000
              - C3,0,
              > C3,SFY3500,1000
              - C3,0,
              > C3,SFZ1300
              - C3,0,
              > C3,SFR2000,600
              - C3,0,
G 09:04:40    Named Pipe 1 Answer  "0"
              Named Pipe 4 Command "Te-VacS;O5;6;19;0"
F 09:04:40    > O5,RDI1
              - O5,0,1
G 09:04:40    Named Pipe 4 Answer  "0;1"
A 09:04:41    Named Pipe 5 opened
G 09:04:41    Named Pipe 5 Command "GET_VERSION"
              Named Pipe 5 Answer  "0;Version 2, 3, 26, 0;STD"
A 09:04:41    Named Pipe 6 opened
G 09:04:41    Named Pipe 6 Command "GetWorktableWidth"
              Named Pipe 6 Answer  "0;69"
A 09:04:41    Named Pipe 6 closed
              Named Pipe 5 closed
G 09:04:41    Named Pipe 3 Command "IsInitialized"
              Named Pipe 3 Answer  "0;1"
F 09:04:41    > O1,SPN
              - O1,0,
              > O1,SPS3
              - O1,0,
A 09:04:41    closing log-file
